Using pre-set license
Desktop is 1920 x 1080 @ 60 Hz

 COMMAND LINE ARGUMENTS:
Unity
-adb2
-batchMode
-noUpm
-name
AssetImportWorker1
-projectPath
/home/vshturkhal/Документи/UnityEngineProjects/2DSpaceShooter
-logFile
Logs/AssetImportWorker1.log
-srvPort
40099
Successfully changed project path to: /home/vshturkhal/Документи/UnityEngineProjects/2DSpaceShooter
/home/vshturkhal/Документи/UnityEngineProjects/2DSpaceShooter
Using Asset Import Pipeline V2.
Refreshing native plugins compatible for Editor in 76,18 ms, found 1 plugins.
Preloading 0 native plugins for Editor in 0,00 ms.
Initialize engine version: 2020.3.0f1 (c7b5465681fb)
[Subsystems] Discovering subsystems at path /home/vshturkhal/UnityEditor/2020.3.0f1/Editor/Data/Resources/UnitySubsystems
[Subsystems] Discovering subsystems at path /home/vshturkhal/Документи/UnityEngineProjects/2DSpaceShooter/Assets
GLX Extensions: GLX_ARB_create_context GLX_ARB_create_context_no_error GLX_ARB_create_context_profile GLX_ARB_create_context_robustness GLX_ARB_fbconfig_float GLX_ARB_framebuffer_sRGB GLX_ARB_get_proc_address GLX_ARB_multisample GLX_EXT_buffer_age GLX_EXT_create_context_es2_profile GLX_EXT_create_context_es_profile GLX_EXT_fbconfig_packed_float GLX_EXT_framebuffer_sRGB GLX_EXT_import_context GLX_EXT_texture_from_pixmap GLX_EXT_visual_info GLX_EXT_visual_rating GLX_INTEL_swap_event GLX_MESA_copy_sub_buffer GLX_MESA_query_renderer GLX_MESA_swap_control GLX_OML_swap_method GLX_OML_sync_control GLX_SGIS_multisample GLX_SGIX_fbconfig GLX_SGIX_pbuffer GLX_SGIX_visual_select_group GLX_SGI_make_current_read GLX_SGI_swap_control GLX_SGI_video_sync 
Renderer: AMD RAVEN (DRM 3.27.0, 5.0.0-37-generic, LLVM 10.0.1)
Vendor:   X.Org
Version:  4.6 (Core Profile) Mesa 20.2.0-devel (git-912ad09 2020-07-18 bionic-oibaf-ppa)
GLES:     0
 GL_AMD_conservative_depth GL_AMD_depth_clamp_separate GL_AMD_draw_buffers_blend GL_AMD_framebuffer_multisample_advanced GL_AMD_gpu_shader_int64 GL_AMD_multi_draw_indirect GL_AMD_performance_monitor GL_AMD_pinned_memory GL_AMD_query_buffer_object GL_AMD_seamless_cubemap_per_texture GL_AMD_shader_stencil_export GL_AMD_shader_trinary_minmax GL_AMD_texture_texture4 GL_AMD_vertex_shader_layer GL_AMD_vertex_shader_viewport_index GL_ANGLE_texture_compression_dxt3 GL_ANGLE_texture_compression_dxt5 GL_ARB_ES2_compatibility GL_ARB_ES3_1_compatibility GL_ARB_ES3_2_compatibility GL_ARB_ES3_compatibility GL_ARB_arrays_of_arrays GL_ARB_base_instance GL_ARB_bindless_texture GL_ARB_blend_func_extended GL_ARB_buffer_storage GL_ARB_clear_buffer_object GL_ARB_clear_texture GL_ARB_clip_control GL_ARB_color_buffer_float GL_ARB_compressed_texture_pixel_storage GL_ARB_compute_shader GL_ARB_compute_variable_group_size GL_ARB_conditional_render_inverted GL_ARB_conservative_depth GL_ARB_copy_buffer GL_ARB_copy_image GL_ARB_cull_dist
ance GL_ARB_debug_output GL_ARB_depth_buffer_float GL_ARB_depth_clamp GL_ARB_derivative_control GL_ARB_direct_state_access GL_ARB_draw_buffers GL_ARB_draw_buffers_blend GL_ARB_draw_elements_base_vertex GL_ARB_draw_indirect GL_ARB_draw_instanced GL_ARB_enhanced_layouts GL_ARB_explicit_attrib_location GL_ARB_explicit_uniform_location GL_ARB_fragment_coord_conventions GL_ARB_fragment_layer_viewport GL_ARB_fragment_shader GL_ARB_framebuffer_no_attachments GL_ARB_framebuffer_object GL_ARB_framebuffer_sRGB GL_ARB_get_program_binary GL_ARB_get_texture_sub_image GL_ARB_gl_spirv GL_ARB_gpu_shader5 GL_ARB_gpu_shader_fp64 GL_ARB_gpu_shader_int64 GL_ARB_half_float_pixel GL_ARB_half_float_vertex GL_ARB_indirect_parameters GL_ARB_instanced_arrays GL_ARB_internalformat_query GL_ARB_internalformat_query2 GL_ARB_invalidate_subdata GL_ARB_map_buffer_alignment GL_ARB_map_buffer_range GL_ARB_multi_bind GL_ARB_multi_draw_indirect GL_ARB_occlusion_query2 GL_ARB_parallel_shader_compile GL_ARB_pipeline_statistics_query GL_ARB_pixel
_buffer_object GL_ARB_point_sprite GL_ARB_polygon_offset_clamp GL_ARB_program_interface_query GL_ARB_provoking_vertex GL_ARB_query_buffer_object GL_ARB_robust_buffer_access_behavior GL_ARB_robustness GL_ARB_sample_shading GL_ARB_sampler_objects GL_ARB_seamless_cube_map GL_ARB_seamless_cubemap_per_texture GL_ARB_separate_shader_objects GL_ARB_shader_atomic_counter_ops GL_ARB_shader_atomic_counters GL_ARB_shader_ballot GL_ARB_shader_bit_encoding GL_ARB_shader_clock GL_ARB_shader_draw_parameters GL_ARB_shader_group_vote GL_ARB_shader_image_load_store GL_ARB_shader_image_size GL_ARB_shader_objects GL_ARB_shader_precision GL_ARB_shader_stencil_export GL_ARB_shader_storage_buffer_object GL_ARB_shader_subroutine GL_ARB_shader_texture_image_samples GL_ARB_shader_texture_lod GL_ARB_shader_viewport_layer_array GL_ARB_shading_language_420pack GL_ARB_shading_language_include GL_ARB_shading_language_packing GL_ARB_sparse_buffer GL_ARB_spirv_extensions GL_ARB_stencil_texturing GL_ARB_sync GL_ARB_tessellation_shader GL_ARB
_texture_barrier GL_ARB_texture_buffer_object GL_ARB_texture_buffer_object_rgb32 GL_ARB_texture_buffer_range GL_ARB_texture_compression_bptc GL_ARB_texture_compression_rgtc GL_ARB_texture_cube_map_array GL_ARB_texture_filter_anisotropic GL_ARB_texture_float GL_ARB_texture_gather GL_ARB_texture_mirror_clamp_to_edge GL_ARB_texture_multisample GL_ARB_texture_non_power_of_two GL_ARB_texture_query_levels GL_ARB_texture_query_lod GL_ARB_texture_rectangle GL_ARB_texture_rg GL_ARB_texture_rgb10_a2ui GL_ARB_texture_stencil8 GL_ARB_texture_storage GL_ARB_texture_storage_multisample GL_ARB_texture_swizzle GL_ARB_texture_view GL_ARB_timer_query GL_ARB_transform_feedback2 GL_ARB_transform_feedback3 GL_ARB_transform_feedback_instanced GL_ARB_transform_feedback_overflow_query GL_ARB_uniform_buffer_object GL_ARB_vertex_array_bgra GL_ARB_vertex_array_object GL_ARB_vertex_attrib_64bit GL_ARB_vertex_attrib_binding GL_ARB_vertex_buffer_object GL_ARB_vertex_shader GL_ARB_vertex_type_10f_11f_11f_rev GL_ARB_vertex_type_2_10_10_10_
rev GL_ARB_viewport_array GL_ATI_blend_equation_separate GL_ATI_meminfo GL_ATI_texture_float GL_ATI_texture_mirror_once GL_EXT_EGL_image_storage GL_EXT_EGL_sync GL_EXT_abgr GL_EXT_blend_equation_separate GL_EXT_depth_bounds_test GL_EXT_draw_buffers2 GL_EXT_draw_instanced GL_EXT_framebuffer_blit GL_EXT_framebuffer_multisample GL_EXT_framebuffer_multisample_blit_scaled GL_EXT_framebuffer_object GL_EXT_framebuffer_sRGB GL_EXT_memory_object GL_EXT_memory_object_fd GL_EXT_packed_depth_stencil GL_EXT_packed_float GL_EXT_pixel_buffer_object GL_EXT_polygon_offset_clamp GL_EXT_provoking_vertex GL_EXT_semaphore GL_EXT_semaphore_fd GL_EXT_shader_image_load_formatted GL_EXT_shader_image_load_store GL_EXT_shader_integer_mix GL_EXT_shader_samples_identical GL_EXT_texture_array GL_EXT_texture_compression_dxt1 GL_EXT_texture_compression_rgtc GL_EXT_texture_compression_s3tc GL_EXT_texture_filter_anisotropic GL_EXT_texture_integer GL_EXT_texture_mirror_clamp GL_EXT_texture_sRGB GL_EXT_texture_sRGB_R8 GL_EXT_texture_sRGB_decod
e GL_EXT_texture_shadow_lod GL_EXT_texture_shared_exponent GL_EXT_texture_snorm GL_EXT_texture_swizzle GL_EXT_timer_query GL_EXT_transform_feedback GL_EXT_vertex_array_bgra GL_EXT_vertex_attrib_64bit GL_EXT_window_rectangles GL_IBM_multimode_draw_arrays GL_KHR_blend_equation_advanced GL_KHR_context_flush_control GL_KHR_debug GL_KHR_no_error GL_KHR_parallel_shader_compile GL_KHR_robust_buffer_access_behavior GL_KHR_robustness GL_KHR_texture_compression_astc_ldr GL_KHR_texture_compression_astc_sliced_3d GL_MESA_framebuffer_flip_y GL_MESA_pack_invert GL_MESA_shader_integer_functions GL_MESA_texture_signed_rgba GL_NVX_gpu_memory_info GL_NV_alpha_to_coverage_dither_control GL_NV_conditional_render GL_NV_copy_image GL_NV_depth_clamp GL_NV_packed_depth_stencil GL_NV_texture_barrier GL_NV_vdpau_interop GL_OES_EGL_image GL_S3_s3tc
OPENGL LOG: Creating OpenGL 4.6 graphics device ; Context level  <OpenGL 4.5> ; Context handle -44799104
Initialize mono
Mono path[0] = '/home/vshturkhal/UnityEditor/2020.3.0f1/Editor/Data/Managed'
Mono path[1] = '/home/vshturkhal/UnityEditor/2020.3.0f1/Editor/Data/MonoBleedingEdge/lib/mono/unityjit'
Mono config path = '/home/vshturkhal/UnityEditor/2020.3.0f1/Editor/Data/MonoBleedingEdge/etc'
Using monoOptions --debugger-agent=transport=dt_socket,embedding=1,server=y,suspend=n,address=127.0.0.1:56751
Begin MonoManager ReloadAssembly
Registering precompiled unity dll's ...
Register platform support module: /home/vshturkhal/UnityEditor/2020.3.0f1/Editor/Data/PlaybackEngines/WebGLSupport/UnityEditor.WebGL.Extensions.dll
Register platform support module: /home/vshturkhal/UnityEditor/2020.3.0f1/Editor/Data/PlaybackEngines/MacStandaloneSupport/UnityEditor.OSXStandalone.Extensions.dll
Register platform support module: /home/vshturkhal/UnityEditor/2020.3.0f1/Editor/Data/PlaybackEngines/WindowsStandaloneSupport/UnityEditor.WindowsStandalone.Extensions.dll
Register platform support module: /home/vshturkhal/UnityEditor/2020.3.0f1/Editor/Data/PlaybackEngines/LinuxStandaloneSupport/UnityEditor.LinuxStandalone.Extensions.dll
Registered in 0,002606 seconds.
Native extension for LinuxStandalone target not found
Native extension for WindowsStandalone target not found
Native extension for OSXStandalone target not found
Native extension for WebGL target not found
Refreshing native plugins compatible for Editor in 92,59 ms, found 1 plugins.
Preloading 0 native plugins for Editor in 0,00 ms.
Invoked RoslynAnalysisRunner static constructor.
RoslynAnalysisRunner will not be running.
RoslynAnalysisRunner has terminated.
Mono: successfully reloaded assembly
- Completed reload, in  2,246 seconds
Platform modules already initialized, skipping
Registering precompiled user dll's ...
Registered in 0,001553 seconds.
Begin MonoManager ReloadAssembly
Native extension for LinuxStandalone target not found
Native extension for WindowsStandalone target not found
Native extension for OSXStandalone target not found
Native extension for WebGL target not found
Refreshing native plugins compatible for Editor in 104,37 ms, found 1 plugins.
Preloading 0 native plugins for Editor in 0,00 ms.
Invoked RoslynAnalysisRunner static constructor.
RoslynAnalysisRunner will not be running.
RoslynAnalysisRunner has terminated.
Mono: successfully reloaded assembly
- Completed reload, in  2,159 seconds
Platform modules already initialized, skipping
========================================================================
Worker process is ready to serve import requests
Launched and connected shader compiler UnityShaderCompiler after 0.02 seconds
Refreshing native plugins compatible for Editor in 0,60 ms, found 1 plugins.
Preloading 0 native plugins for Editor in 0,00 ms.
Unloading 2114 Unused Serialized files (Serialized files now loaded: 0)
System memory in use before: 90,0 MB.
System memory in use after: 90,0 MB.

Unloading 26 unused Assets to reduce memory usage. Loaded Objects now: 2560.
Total: 8,894230 ms (FindLiveObjects: 0,436480 ms CreateObjectMapping: 0,179587 ms MarkObjects: 7,744030 ms  DeleteObjects: 0,528321 ms)

========================================================================
Received Import Request.
  path: Assets/Scripts/EnemyRotational.cs
  artifactKey: Guid(9dc4fb5be0df296e8adc9f44672ffcaf) Importer(815301076,1909f56bfc062723c751e8b465ee728b)
Start importing Assets/Scripts/EnemyRotational.cs using Guid(9dc4fb5be0df296e8adc9f44672ffcaf) Importer(815301076,1909f56bfc062723c751e8b465ee728b)  -> (artifact id: '18d0641cd54bf47881435a7328bf761a') in 0,008712 seconds
  Import took 0,018208 seconds .

========================================================================
Received Prepare
Registering precompiled user dll's ...
Registered in 0,001129 seconds.
Begin MonoManager ReloadAssembly
Native extension for LinuxStandalone target not found
Native extension for WindowsStandalone target not found
Native extension for OSXStandalone target not found
Native extension for WebGL target not found
Refreshing native plugins compatible for Editor in 0,80 ms, found 1 plugins.
Preloading 0 native plugins for Editor in 0,00 ms.
Invoked RoslynAnalysisRunner static constructor.
RoslynAnalysisRunner will not be running.
RoslynAnalysisRunner has terminated.
Mono: successfully reloaded assembly
- Completed reload, in  1,738 seconds
Platform modules already initialized, skipping
Refreshing native plugins compatible for Editor in 0,60 ms, found 1 plugins.
Preloading 0 native plugins for Editor in 0,00 ms.
Unloading 2109 Unused Serialized files (Serialized files now loaded: 0)
System memory in use before: 90,2 MB.
System memory in use after: 90,2 MB.

Unloading 12 unused Assets to reduce memory usage. Loaded Objects now: 2564.
Total: 8,239330 ms (FindLiveObjects: 0,399450 ms CreateObjectMapping: 0,137819 ms MarkObjects: 7,444598 ms  DeleteObjects: 0,251863 ms)

========================================================================
Received Import Request.
  Time since last request: 45,729386 seconds.
  path: Assets/Scripts/EnemyRotational.cs
  artifactKey: Guid(9dc4fb5be0df296e8adc9f44672ffcaf) Importer(815301076,1909f56bfc062723c751e8b465ee728b)
Start importing Assets/Scripts/EnemyRotational.cs using Guid(9dc4fb5be0df296e8adc9f44672ffcaf) Importer(815301076,1909f56bfc062723c751e8b465ee728b)  -> (artifact id: '1da1bb1085fe2ebba8378b7467f9d3bd') in 0,009389 seconds
  Import took 0,017307 seconds .

========================================================================
Received Import Request.
  Time since last request: 0,006241 seconds.
  path: Assets/Scripts/EnemyRotational.cs
  artifactKey: Guid(9dc4fb5be0df296e8adc9f44672ffcaf) Importer(815301076,1909f56bfc062723c751e8b465ee728b)
Start importing Assets/Scripts/EnemyRotational.cs using Guid(9dc4fb5be0df296e8adc9f44672ffcaf) Importer(815301076,1909f56bfc062723c751e8b465ee728b)  -> (artifact id: '1da1bb1085fe2ebba8378b7467f9d3bd') in 0,001335 seconds
  Import took 0,007248 seconds .

========================================================================
Received Prepare
Registering precompiled user dll's ...
Registered in 0,001200 seconds.
Begin MonoManager ReloadAssembly
Native extension for LinuxStandalone target not found
Native extension for WindowsStandalone target not found
Native extension for OSXStandalone target not found
Native extension for WebGL target not found
Refreshing native plugins compatible for Editor in 0,59 ms, found 1 plugins.
Preloading 0 native plugins for Editor in 0,00 ms.
Invoked RoslynAnalysisRunner static constructor.
RoslynAnalysisRunner will not be running.
RoslynAnalysisRunner has terminated.
Mono: successfully reloaded assembly
- Completed reload, in  1,727 seconds
Platform modules already initialized, skipping
Refreshing native plugins compatible for Editor in 0,60 ms, found 1 plugins.
Preloading 0 native plugins for Editor in 0,00 ms.
Unloading 2109 Unused Serialized files (Serialized files now loaded: 0)
System memory in use before: 90,2 MB.
System memory in use after: 90,2 MB.

Unloading 12 unused Assets to reduce memory usage. Loaded Objects now: 2568.
Total: 8,551616 ms (FindLiveObjects: 0,461918 ms CreateObjectMapping: 0,137087 ms MarkObjects: 7,694417 ms  DeleteObjects: 0,252664 ms)

========================================================================
Received Prepare
Registering precompiled user dll's ...
Registered in 0,001330 seconds.
Begin MonoManager ReloadAssembly
Native extension for LinuxStandalone target not found
Native extension for WindowsStandalone target not found
Native extension for OSXStandalone target not found
Native extension for WebGL target not found
Refreshing native plugins compatible for Editor in 0,60 ms, found 1 plugins.
Preloading 0 native plugins for Editor in 0,00 ms.
Invoked RoslynAnalysisRunner static constructor.
RoslynAnalysisRunner will not be running.
RoslynAnalysisRunner has terminated.
Mono: successfully reloaded assembly
- Completed reload, in  1,693 seconds
Platform modules already initialized, skipping
Refreshing native plugins compatible for Editor in 0,63 ms, found 1 plugins.
Preloading 0 native plugins for Editor in 0,00 ms.
Unloading 2109 Unused Serialized files (Serialized files now loaded: 0)
System memory in use before: 90,2 MB.
System memory in use after: 90,3 MB.

Unloading 12 unused Assets to reduce memory usage. Loaded Objects now: 2572.
Total: 8,109867 ms (FindLiveObjects: 0,389571 ms CreateObjectMapping: 0,136767 ms MarkObjects: 7,268487 ms  DeleteObjects: 0,309872 ms)

========================================================================
Received Prepare
Registering precompiled user dll's ...
Registered in 0,001382 seconds.
Begin MonoManager ReloadAssembly
Native extension for LinuxStandalone target not found
Native extension for WindowsStandalone target not found
Native extension for OSXStandalone target not found
Native extension for WebGL target not found
Refreshing native plugins compatible for Editor in 0,61 ms, found 1 plugins.
Preloading 0 native plugins for Editor in 0,00 ms.
Invoked RoslynAnalysisRunner static constructor.
RoslynAnalysisRunner will not be running.
RoslynAnalysisRunner has terminated.
Mono: successfully reloaded assembly
- Completed reload, in  1,703 seconds
Platform modules already initialized, skipping
Refreshing native plugins compatible for Editor in 0,62 ms, found 1 plugins.
Preloading 0 native plugins for Editor in 0,00 ms.
Unloading 2109 Unused Serialized files (Serialized files now loaded: 0)
System memory in use before: 90,3 MB.
System memory in use after: 90,3 MB.

Unloading 12 unused Assets to reduce memory usage. Loaded Objects now: 2576.
Total: 8,402827 ms (FindLiveObjects: 0,413747 ms CreateObjectMapping: 0,136756 ms MarkObjects: 7,584601 ms  DeleteObjects: 0,262233 ms)

========================================================================
Received Prepare
Registering precompiled user dll's ...
Registered in 0,001102 seconds.
Begin MonoManager ReloadAssembly
Native extension for LinuxStandalone target not found
Native extension for WindowsStandalone target not found
Native extension for OSXStandalone target not found
Native extension for WebGL target not found
Refreshing native plugins compatible for Editor in 0,82 ms, found 1 plugins.
Preloading 0 native plugins for Editor in 0,00 ms.
Invoked RoslynAnalysisRunner static constructor.
RoslynAnalysisRunner will not be running.
RoslynAnalysisRunner has terminated.
Mono: successfully reloaded assembly
- Completed reload, in  1,706 seconds
Platform modules already initialized, skipping
Refreshing native plugins compatible for Editor in 0,61 ms, found 1 plugins.
Preloading 0 native plugins for Editor in 0,00 ms.
Unloading 2109 Unused Serialized files (Serialized files now loaded: 0)
System memory in use before: 90,3 MB.
System memory in use after: 90,3 MB.

Unloading 12 unused Assets to reduce memory usage. Loaded Objects now: 2580.
Total: 7,502967 ms (FindLiveObjects: 0,395613 ms CreateObjectMapping: 0,137969 ms MarkObjects: 6,716591 ms  DeleteObjects: 0,248005 ms)

========================================================================
Received Prepare
Registering precompiled user dll's ...
Registered in 0,001406 seconds.
Begin MonoManager ReloadAssembly
Native extension for LinuxStandalone target not found
Native extension for WindowsStandalone target not found
Native extension for OSXStandalone target not found
Native extension for WebGL target not found
Refreshing native plugins compatible for Editor in 0,65 ms, found 1 plugins.
Preloading 0 native plugins for Editor in 0,00 ms.
Invoked RoslynAnalysisRunner static constructor.
RoslynAnalysisRunner will not be running.
RoslynAnalysisRunner has terminated.
Mono: successfully reloaded assembly
- Completed reload, in  1,652 seconds
Platform modules already initialized, skipping
Refreshing native plugins compatible for Editor in 0,60 ms, found 1 plugins.
Preloading 0 native plugins for Editor in 0,00 ms.
Unloading 2109 Unused Serialized files (Serialized files now loaded: 0)
System memory in use before: 90,3 MB.
System memory in use after: 90,3 MB.

Unloading 12 unused Assets to reduce memory usage. Loaded Objects now: 2584.
Total: 9,184896 ms (FindLiveObjects: 0,499258 ms CreateObjectMapping: 0,142748 ms MarkObjects: 8,330701 ms  DeleteObjects: 0,207389 ms)

========================================================================
Received Prepare
Registering precompiled user dll's ...
Registered in 0,001144 seconds.
Begin MonoManager ReloadAssembly
Native extension for LinuxStandalone target not found
Native extension for WindowsStandalone target not found
Native extension for OSXStandalone target not found
Native extension for WebGL target not found
Refreshing native plugins compatible for Editor in 0,49 ms, found 1 plugins.
Preloading 0 native plugins for Editor in 0,00 ms.
Invoked RoslynAnalysisRunner static constructor.
RoslynAnalysisRunner will not be running.
RoslynAnalysisRunner has terminated.
Mono: successfully reloaded assembly
- Completed reload, in  1,143 seconds
Platform modules already initialized, skipping
Refreshing native plugins compatible for Editor in 0,48 ms, found 1 plugins.
Preloading 0 native plugins for Editor in 0,00 ms.
Unloading 2109 Unused Serialized files (Serialized files now loaded: 0)
System memory in use before: 90,3 MB.
System memory in use after: 90,3 MB.

Unloading 12 unused Assets to reduce memory usage. Loaded Objects now: 2588.
Total: 9,472526 ms (FindLiveObjects: 0,541196 ms CreateObjectMapping: 0,205355 ms MarkObjects: 8,409159 ms  DeleteObjects: 0,309020 ms)

========================================================================
Received Prepare
Registering precompiled user dll's ...
Registered in 0,001185 seconds.
Begin MonoManager ReloadAssembly
Native extension for LinuxStandalone target not found
Native extension for WindowsStandalone target not found
Native extension for OSXStandalone target not found
Native extension for WebGL target not found
Refreshing native plugins compatible for Editor in 0,66 ms, found 1 plugins.
Preloading 0 native plugins for Editor in 0,00 ms.
Invoked RoslynAnalysisRunner static constructor.
RoslynAnalysisRunner will not be running.
RoslynAnalysisRunner has terminated.
Mono: successfully reloaded assembly
- Completed reload, in  1,711 seconds
Platform modules already initialized, skipping
Refreshing native plugins compatible for Editor in 0,60 ms, found 1 plugins.
Preloading 0 native plugins for Editor in 0,00 ms.
Unloading 2109 Unused Serialized files (Serialized files now loaded: 0)
System memory in use before: 90,3 MB.
System memory in use after: 90,3 MB.

Unloading 12 unused Assets to reduce memory usage. Loaded Objects now: 2592.
Total: 8,607962 ms (FindLiveObjects: 0,399550 ms CreateObjectMapping: 0,137438 ms MarkObjects: 7,816676 ms  DeleteObjects: 0,248506 ms)

========================================================================
Received Prepare
Registering precompiled user dll's ...
Registered in 0,001518 seconds.
Begin MonoManager ReloadAssembly
Native extension for LinuxStandalone target not found
Native extension for WindowsStandalone target not found
Native extension for OSXStandalone target not found
Native extension for WebGL target not found
Refreshing native plugins compatible for Editor in 0,84 ms, found 1 plugins.
Preloading 0 native plugins for Editor in 0,00 ms.
Invoked RoslynAnalysisRunner static constructor.
RoslynAnalysisRunner will not be running.
RoslynAnalysisRunner has terminated.
Mono: successfully reloaded assembly
- Completed reload, in  1,739 seconds
Platform modules already initialized, skipping
Refreshing native plugins compatible for Editor in 0,73 ms, found 1 plugins.
Preloading 0 native plugins for Editor in 0,00 ms.
Unloading 2109 Unused Serialized files (Serialized files now loaded: 0)
System memory in use before: 90,3 MB.
System memory in use after: 90,3 MB.

Unloading 12 unused Assets to reduce memory usage. Loaded Objects now: 2596.
Total: 8,336823 ms (FindLiveObjects: 0,434236 ms CreateObjectMapping: 0,138399 ms MarkObjects: 7,460839 ms  DeleteObjects: 0,298421 ms)

========================================================================
Received Prepare
Registering precompiled user dll's ...
Registered in 0,001451 seconds.
Begin MonoManager ReloadAssembly
Native extension for LinuxStandalone target not found
Native extension for WindowsStandalone target not found
Native extension for OSXStandalone target not found
Native extension for WebGL target not found
Refreshing native plugins compatible for Editor in 0,63 ms, found 1 plugins.
Preloading 0 native plugins for Editor in 0,00 ms.
Invoked RoslynAnalysisRunner static constructor.
RoslynAnalysisRunner will not be running.
RoslynAnalysisRunner has terminated.
Mono: successfully reloaded assembly
- Completed reload, in  1,692 seconds
Platform modules already initialized, skipping
Refreshing native plugins compatible for Editor in 0,61 ms, found 1 plugins.
Preloading 0 native plugins for Editor in 0,00 ms.
Unloading 2109 Unused Serialized files (Serialized files now loaded: 0)
System memory in use before: 90,3 MB.
System memory in use after: 90,3 MB.

Unloading 12 unused Assets to reduce memory usage. Loaded Objects now: 2600.
Total: 8,672984 ms (FindLiveObjects: 0,548610 ms CreateObjectMapping: 0,166713 ms MarkObjects: 7,661174 ms  DeleteObjects: 0,290746 ms)

========================================================================
Received Prepare
Registering precompiled user dll's ...
Registered in 0,002245 seconds.
Begin MonoManager ReloadAssembly
Native extension for LinuxStandalone target not found
Native extension for WindowsStandalone target not found
Native extension for OSXStandalone target not found
Native extension for WebGL target not found
Refreshing native plugins compatible for Editor in 0,57 ms, found 1 plugins.
Preloading 0 native plugins for Editor in 0,00 ms.
Invoked RoslynAnalysisRunner static constructor.
RoslynAnalysisRunner will not be running.
RoslynAnalysisRunner has terminated.
Mono: successfully reloaded assembly
- Completed reload, in  1,875 seconds
Platform modules already initialized, skipping
Refreshing native plugins compatible for Editor in 0,59 ms, found 1 plugins.
Preloading 0 native plugins for Editor in 0,00 ms.
Unloading 2109 Unused Serialized files (Serialized files now loaded: 0)
System memory in use before: 90,3 MB.
System memory in use after: 90,3 MB.

Unloading 12 unused Assets to reduce memory usage. Loaded Objects now: 2604.
Total: 8,685959 ms (FindLiveObjects: 0,401504 ms CreateObjectMapping: 0,139211 ms MarkObjects: 7,910473 ms  DeleteObjects: 0,229541 ms)

========================================================================
Received Prepare
Registering precompiled user dll's ...
Registered in 0,001386 seconds.
Begin MonoManager ReloadAssembly
Native extension for LinuxStandalone target not found
Native extension for WindowsStandalone target not found
Native extension for OSXStandalone target not found
Native extension for WebGL target not found
Refreshing native plugins compatible for Editor in 0,98 ms, found 1 plugins.
Preloading 0 native plugins for Editor in 0,00 ms.
Invoked RoslynAnalysisRunner static constructor.
RoslynAnalysisRunner will not be running.
RoslynAnalysisRunner has terminated.
Mono: successfully reloaded assembly
- Completed reload, in  2,078 seconds
Platform modules already initialized, skipping
Refreshing native plugins compatible for Editor in 0,98 ms, found 1 plugins.
Preloading 0 native plugins for Editor in 0,00 ms.
Unloading 2109 Unused Serialized files (Serialized files now loaded: 0)
System memory in use before: 90,3 MB.
System memory in use after: 90,4 MB.

Unloading 12 unused Assets to reduce memory usage. Loaded Objects now: 2608.
Total: 6,918309 ms (FindLiveObjects: 0,416442 ms CreateObjectMapping: 0,162324 ms MarkObjects: 6,070087 ms  DeleteObjects: 0,263525 ms)

========================================================================
Received Prepare
Registering precompiled user dll's ...
Registered in 0,001376 seconds.
Begin MonoManager ReloadAssembly
Native extension for LinuxStandalone target not found
Native extension for WindowsStandalone target not found
Native extension for OSXStandalone target not found
Native extension for WebGL target not found
Refreshing native plugins compatible for Editor in 0,98 ms, found 1 plugins.
Preloading 0 native plugins for Editor in 0,00 ms.
Invoked RoslynAnalysisRunner static constructor.
RoslynAnalysisRunner will not be running.
RoslynAnalysisRunner has terminated.
Mono: successfully reloaded assembly
- Completed reload, in  2,062 seconds
Platform modules already initialized, skipping
Refreshing native plugins compatible for Editor in 0,94 ms, found 1 plugins.
Preloading 0 native plugins for Editor in 0,00 ms.
Unloading 2109 Unused Serialized files (Serialized files now loaded: 0)
System memory in use before: 90,3 MB.
System memory in use after: 90,4 MB.

Unloading 12 unused Assets to reduce memory usage. Loaded Objects now: 2612.
Total: 8,746041 ms (FindLiveObjects: 0,463320 ms CreateObjectMapping: 0,276419 ms MarkObjects: 7,646086 ms  DeleteObjects: 0,352151 ms)

========================================================================
Received Prepare
Registering precompiled user dll's ...
Registered in 0,001450 seconds.
Begin MonoManager ReloadAssembly
Native extension for LinuxStandalone target not found
Native extension for WindowsStandalone target not found
Native extension for OSXStandalone target not found
Native extension for WebGL target not found
Refreshing native plugins compatible for Editor in 0,76 ms, found 1 plugins.
Preloading 0 native plugins for Editor in 0,00 ms.
Invoked RoslynAnalysisRunner static constructor.
RoslynAnalysisRunner will not be running.
RoslynAnalysisRunner has terminated.
Mono: successfully reloaded assembly
- Completed reload, in  1,744 seconds
Platform modules already initialized, skipping
Refreshing native plugins compatible for Editor in 0,64 ms, found 1 plugins.
Preloading 0 native plugins for Editor in 0,00 ms.
Unloading 2109 Unused Serialized files (Serialized files now loaded: 0)
System memory in use before: 90,4 MB.
System memory in use after: 90,4 MB.

Unloading 12 unused Assets to reduce memory usage. Loaded Objects now: 2616.
Total: 8,125196 ms (FindLiveObjects: 0,406584 ms CreateObjectMapping: 0,139202 ms MarkObjects: 7,275561 ms  DeleteObjects: 0,298310 ms)

========================================================================
Received Prepare
Registering precompiled user dll's ...
Registered in 0,001093 seconds.
Begin MonoManager ReloadAssembly
Native extension for LinuxStandalone target not found
Native extension for WindowsStandalone target not found
Native extension for OSXStandalone target not found
Native extension for WebGL target not found
Refreshing native plugins compatible for Editor in 0,80 ms, found 1 plugins.
Preloading 0 native plugins for Editor in 0,00 ms.
Invoked RoslynAnalysisRunner static constructor.
RoslynAnalysisRunner will not be running.
RoslynAnalysisRunner has terminated.
Mono: successfully reloaded assembly
- Completed reload, in  1,758 seconds
Platform modules already initialized, skipping
Refreshing native plugins compatible for Editor in 0,69 ms, found 1 plugins.
Preloading 0 native plugins for Editor in 0,00 ms.
Unloading 2109 Unused Serialized files (Serialized files now loaded: 0)
System memory in use before: 90,4 MB.
System memory in use after: 90,4 MB.

Unloading 12 unused Assets to reduce memory usage. Loaded Objects now: 2620.
Total: 7,994942 ms (FindLiveObjects: 0,409078 ms CreateObjectMapping: 0,152095 ms MarkObjects: 7,170774 ms  DeleteObjects: 0,257593 ms)

========================================================================
Received Prepare
Registering precompiled user dll's ...
Registered in 0,001102 seconds.
Begin MonoManager ReloadAssembly
Native extension for LinuxStandalone target not found
Native extension for WindowsStandalone target not found
Native extension for OSXStandalone target not found
Native extension for WebGL target not found
Refreshing native plugins compatible for Editor in 0,60 ms, found 1 plugins.
Preloading 0 native plugins for Editor in 0,00 ms.
Invoked RoslynAnalysisRunner static constructor.
RoslynAnalysisRunner will not be running.
RoslynAnalysisRunner has terminated.
Mono: successfully reloaded assembly
- Completed reload, in  1,708 seconds
Platform modules already initialized, skipping
Refreshing native plugins compatible for Editor in 0,62 ms, found 1 plugins.
Preloading 0 native plugins for Editor in 0,00 ms.
Unloading 2109 Unused Serialized files (Serialized files now loaded: 0)
System memory in use before: 90,4 MB.
System memory in use after: 90,4 MB.

Unloading 12 unused Assets to reduce memory usage. Loaded Objects now: 2624.
Total: 10,627313 ms (FindLiveObjects: 0,404530 ms CreateObjectMapping: 0,102413 ms MarkObjects: 9,670137 ms  DeleteObjects: 0,445827 ms)

========================================================================
Received Prepare
Registering precompiled user dll's ...
Registered in 0,001104 seconds.
Begin MonoManager ReloadAssembly
Native extension for LinuxStandalone target not found
Native extension for WindowsStandalone target not found
Native extension for OSXStandalone target not found
Native extension for WebGL target not found
Refreshing native plugins compatible for Editor in 0,66 ms, found 1 plugins.
Preloading 0 native plugins for Editor in 0,00 ms.
Invoked RoslynAnalysisRunner static constructor.
RoslynAnalysisRunner will not be running.
RoslynAnalysisRunner has terminated.
Mono: successfully reloaded assembly
- Completed reload, in  1,710 seconds
Platform modules already initialized, skipping
Refreshing native plugins compatible for Editor in 0,63 ms, found 1 plugins.
Preloading 0 native plugins for Editor in 0,00 ms.
Unloading 2109 Unused Serialized files (Serialized files now loaded: 0)
System memory in use before: 90,4 MB.
System memory in use after: 90,4 MB.

Unloading 12 unused Assets to reduce memory usage. Loaded Objects now: 2628.
Total: 9,204472 ms (FindLiveObjects: 0,416001 ms CreateObjectMapping: 0,229771 ms MarkObjects: 8,254819 ms  DeleteObjects: 0,297529 ms)

========================================================================
Received Prepare
Registering precompiled user dll's ...
Registered in 0,001100 seconds.
Begin MonoManager ReloadAssembly
Native extension for LinuxStandalone target not found
Native extension for WindowsStandalone target not found
Native extension for OSXStandalone target not found
Native extension for WebGL target not found
Refreshing native plugins compatible for Editor in 0,83 ms, found 1 plugins.
Preloading 0 native plugins for Editor in 0,00 ms.
Invoked RoslynAnalysisRunner static constructor.
RoslynAnalysisRunner will not be running.
RoslynAnalysisRunner has terminated.
Mono: successfully reloaded assembly
- Completed reload, in  1,706 seconds
Platform modules already initialized, skipping
Refreshing native plugins compatible for Editor in 0,60 ms, found 1 plugins.
Preloading 0 native plugins for Editor in 0,00 ms.
Unloading 2109 Unused Serialized files (Serialized files now loaded: 0)
System memory in use before: 90,4 MB.
System memory in use after: 90,4 MB.

Unloading 12 unused Assets to reduce memory usage. Loaded Objects now: 2632.
Total: 11,750332 ms (FindLiveObjects: 0,416702 ms CreateObjectMapping: 0,172384 ms MarkObjects: 10,865490 ms  DeleteObjects: 0,290395 ms)

========================================================================
Received Prepare
Registering precompiled user dll's ...
Registered in 0,001134 seconds.
Begin MonoManager ReloadAssembly
Native extension for LinuxStandalone target not found
Native extension for WindowsStandalone target not found
Native extension for OSXStandalone target not found
Native extension for WebGL target not found
Refreshing native plugins compatible for Editor in 0,82 ms, found 1 plugins.
Preloading 0 native plugins for Editor in 0,00 ms.
Invoked RoslynAnalysisRunner static constructor.
RoslynAnalysisRunner will not be running.
RoslynAnalysisRunner has terminated.
Mono: successfully reloaded assembly
- Completed reload, in  1,846 seconds
Platform modules already initialized, skipping
Refreshing native plugins compatible for Editor in 0,82 ms, found 1 plugins.
Preloading 0 native plugins for Editor in 0,00 ms.
Unloading 2109 Unused Serialized files (Serialized files now loaded: 0)
System memory in use before: 90,4 MB.
System memory in use after: 90,4 MB.

Unloading 12 unused Assets to reduce memory usage. Loaded Objects now: 2636.
Total: 9,941026 ms (FindLiveObjects: 0,734869 ms CreateObjectMapping: 0,198002 ms MarkObjects: 8,734530 ms  DeleteObjects: 0,267022 ms)

========================================================================
Received Prepare
Registering precompiled user dll's ...
Registered in 0,001123 seconds.
Begin MonoManager ReloadAssembly
Native extension for LinuxStandalone target not found
Native extension for WindowsStandalone target not found
Native extension for OSXStandalone target not found
Native extension for WebGL target not found
Refreshing native plugins compatible for Editor in 0,83 ms, found 1 plugins.
Preloading 0 native plugins for Editor in 0,00 ms.
Invoked RoslynAnalysisRunner static constructor.
RoslynAnalysisRunner will not be running.
RoslynAnalysisRunner has terminated.
Mono: successfully reloaded assembly
- Completed reload, in  1,728 seconds
Platform modules already initialized, skipping
Refreshing native plugins compatible for Editor in 0,59 ms, found 1 plugins.
Preloading 0 native plugins for Editor in 0,00 ms.
Unloading 2109 Unused Serialized files (Serialized files now loaded: 0)
System memory in use before: 90,4 MB.
System memory in use after: 90,4 MB.

Unloading 12 unused Assets to reduce memory usage. Loaded Objects now: 2640.
Total: 9,146663 ms (FindLiveObjects: 0,449293 ms CreateObjectMapping: 0,158067 ms MarkObjects: 8,275067 ms  DeleteObjects: 0,257634 ms)

========================================================================
Received Prepare
Registering precompiled user dll's ...
Registered in 0,001451 seconds.
Begin MonoManager ReloadAssembly
Native extension for LinuxStandalone target not found
Native extension for WindowsStandalone target not found
Native extension for OSXStandalone target not found
Native extension for WebGL target not found
Refreshing native plugins compatible for Editor in 0,82 ms, found 1 plugins.
Preloading 0 native plugins for Editor in 0,00 ms.
Invoked RoslynAnalysisRunner static constructor.
RoslynAnalysisRunner will not be running.
RoslynAnalysisRunner has terminated.
Mono: successfully reloaded assembly
- Completed reload, in  1,741 seconds
Platform modules already initialized, skipping
Refreshing native plugins compatible for Editor in 0,59 ms, found 1 plugins.
Preloading 0 native plugins for Editor in 0,00 ms.
Unloading 2109 Unused Serialized files (Serialized files now loaded: 0)
System memory in use before: 90,4 MB.
System memory in use after: 90,4 MB.

Unloading 12 unused Assets to reduce memory usage. Loaded Objects now: 2644.
Total: 8,306206 ms (FindLiveObjects: 0,409449 ms CreateObjectMapping: 0,139061 ms MarkObjects: 7,438917 ms  DeleteObjects: 0,313599 ms)

========================================================================
Received Prepare
Registering precompiled user dll's ...
Registered in 0,001372 seconds.
Begin MonoManager ReloadAssembly
Native extension for LinuxStandalone target not found
Native extension for WindowsStandalone target not found
Native extension for OSXStandalone target not found
Native extension for WebGL target not found
Refreshing native plugins compatible for Editor in 0,91 ms, found 1 plugins.
Preloading 0 native plugins for Editor in 0,00 ms.
Invoked RoslynAnalysisRunner static constructor.
RoslynAnalysisRunner will not be running.
RoslynAnalysisRunner has terminated.
Mono: successfully reloaded assembly
- Completed reload, in  1,851 seconds
Platform modules already initialized, skipping
Refreshing native plugins compatible for Editor in 1,11 ms, found 1 plugins.
Preloading 0 native plugins for Editor in 0,00 ms.
Unloading 2109 Unused Serialized files (Serialized files now loaded: 0)
System memory in use before: 90,4 MB.
System memory in use after: 90,4 MB.

Unloading 12 unused Assets to reduce memory usage. Loaded Objects now: 2648.
Total: 9,213269 ms (FindLiveObjects: 0,507593 ms CreateObjectMapping: 0,149521 ms MarkObjects: 8,146646 ms  DeleteObjects: 0,404430 ms)

========================================================================
Received Prepare
Registering precompiled user dll's ...
Registered in 0,001649 seconds.
Begin MonoManager ReloadAssembly
Native extension for LinuxStandalone target not found
Native extension for WindowsStandalone target not found
Native extension for OSXStandalone target not found
Native extension for WebGL target not found
Refreshing native plugins compatible for Editor in 0,59 ms, found 1 plugins.
Preloading 0 native plugins for Editor in 0,00 ms.
Invoked RoslynAnalysisRunner static constructor.
RoslynAnalysisRunner will not be running.
RoslynAnalysisRunner has terminated.
Mono: successfully reloaded assembly
- Completed reload, in  1,689 seconds
Platform modules already initialized, skipping
Refreshing native plugins compatible for Editor in 0,68 ms, found 1 plugins.
Preloading 0 native plugins for Editor in 0,00 ms.
Unloading 2109 Unused Serialized files (Serialized files now loaded: 0)
System memory in use before: 90,4 MB.
System memory in use after: 90,5 MB.

Unloading 12 unused Assets to reduce memory usage. Loaded Objects now: 2652.
Total: 8,552197 ms (FindLiveObjects: 0,421361 ms CreateObjectMapping: 0,170751 ms MarkObjects: 7,722600 ms  DeleteObjects: 0,232406 ms)

========================================================================
Received Import Request.
  Time since last request: 1071,332286 seconds.
  path: Assets/Scripts/EnemyStationary.cs
  artifactKey: Guid(707712a85540d85f1a387b7604a63d4e) Importer(815301076,1909f56bfc062723c751e8b465ee728b)
Start importing Assets/Scripts/EnemyStationary.cs using Guid(707712a85540d85f1a387b7604a63d4e) Importer(815301076,1909f56bfc062723c751e8b465ee728b)  -> (artifact id: '3c3295b6ec1d4bd4d1efb90defdee463') in 0,008129 seconds
  Import took 0,016027 seconds .

========================================================================
Received Import Request.
  Time since last request: 0,001610 seconds.
  path: Assets/Scripts/EnemyStationary.cs
  artifactKey: Guid(707712a85540d85f1a387b7604a63d4e) Importer(815301076,1909f56bfc062723c751e8b465ee728b)
Start importing Assets/Scripts/EnemyStationary.cs using Guid(707712a85540d85f1a387b7604a63d4e) Importer(815301076,1909f56bfc062723c751e8b465ee728b)  -> (artifact id: '3c3295b6ec1d4bd4d1efb90defdee463') in 0,001630 seconds
  Import took 0,008065 seconds .

========================================================================
Received Import Request.
  Time since last request: 0,620119 seconds.
  path: Assets/Scripts/EnemyRotational.cs
  artifactKey: Guid(9dc4fb5be0df296e8adc9f44672ffcaf) Importer(815301076,1909f56bfc062723c751e8b465ee728b)
Start importing Assets/Scripts/EnemyRotational.cs using Guid(9dc4fb5be0df296e8adc9f44672ffcaf) Importer(815301076,1909f56bfc062723c751e8b465ee728b)  -> (artifact id: '4ad7a347d6a193de2928e8fff9d4bd89') in 0,001902 seconds
  Import took 0,009720 seconds .

========================================================================
Received Import Request.
  Time since last request: 0,000844 seconds.
  path: Assets/Scripts/EnemyRotational.cs
  artifactKey: Guid(9dc4fb5be0df296e8adc9f44672ffcaf) Importer(815301076,1909f56bfc062723c751e8b465ee728b)
Start importing Assets/Scripts/EnemyRotational.cs using Guid(9dc4fb5be0df296e8adc9f44672ffcaf) Importer(815301076,1909f56bfc062723c751e8b465ee728b)  -> (artifact id: '4ad7a347d6a193de2928e8fff9d4bd89') in 0,001829 seconds
  Import took 0,008063 seconds .

========================================================================
Received Import Request.
  Time since last request: 0,777013 seconds.
  path: Assets/Scripts/ControllerReview.cs
  artifactKey: Guid(bab4a2cc802934cbd95eafd9199afbed) Importer(815301076,1909f56bfc062723c751e8b465ee728b)
Start importing Assets/Scripts/ControllerReview.cs using Guid(bab4a2cc802934cbd95eafd9199afbed) Importer(815301076,1909f56bfc062723c751e8b465ee728b)  -> (artifact id: 'c1928faa526bb56c7aecabf7f4bbf519') in 0,002931 seconds
  Import took 0,011228 seconds .

========================================================================
Received Import Request.
  Time since last request: 0,002639 seconds.
  path: Assets/Scripts/ControllerReview.cs
  artifactKey: Guid(bab4a2cc802934cbd95eafd9199afbed) Importer(815301076,1909f56bfc062723c751e8b465ee728b)
Start importing Assets/Scripts/ControllerReview.cs using Guid(bab4a2cc802934cbd95eafd9199afbed) Importer(815301076,1909f56bfc062723c751e8b465ee728b)  -> (artifact id: 'c1928faa526bb56c7aecabf7f4bbf519') in 0,002290 seconds
  Import took 0,009951 seconds .

========================================================================
Received Import Request.
  Time since last request: 2,368840 seconds.
  path: Assets/Scripts/Projectiles/ProjectileSpawner.cs
  artifactKey: Guid(0b5679f51e628d819ae57e3dd449c633) Importer(815301076,1909f56bfc062723c751e8b465ee728b)
Start importing Assets/Scripts/Projectiles/ProjectileSpawner.cs using Guid(0b5679f51e628d819ae57e3dd449c633) Importer(815301076,1909f56bfc062723c751e8b465ee728b)  -> (artifact id: '9948853bdeccde1b381042913cae63c0') in 0,001937 seconds
  Import took 0,009753 seconds .

========================================================================
Received Import Request.
  Time since last request: 0,002205 seconds.
  path: Assets/Scripts/Projectiles/ProjectileSpawner.cs
  artifactKey: Guid(0b5679f51e628d819ae57e3dd449c633) Importer(815301076,1909f56bfc062723c751e8b465ee728b)
Start importing Assets/Scripts/Projectiles/ProjectileSpawner.cs using Guid(0b5679f51e628d819ae57e3dd449c633) Importer(815301076,1909f56bfc062723c751e8b465ee728b)  -> (artifact id: '9948853bdeccde1b381042913cae63c0') in 0,002014 seconds
  Import took 0,009780 seconds .

========================================================================
Received Import Request.
  Time since last request: 1,252752 seconds.
  path: Assets/Scripts/Projectiles/DefaultProjectile.cs
  artifactKey: Guid(3605dd832357f5a189a5c335bd7938a1) Importer(815301076,1909f56bfc062723c751e8b465ee728b)
Start importing Assets/Scripts/Projectiles/DefaultProjectile.cs using Guid(3605dd832357f5a189a5c335bd7938a1) Importer(815301076,1909f56bfc062723c751e8b465ee728b)  -> (artifact id: 'a3a38c6faf8fc08d04a2289d6152ee97') in 0,002505 seconds
  Import took 0,011744 seconds .

========================================================================
Received Import Request.
  Time since last request: 0,007971 seconds.
  path: Assets/Scripts/Projectiles/DefaultProjectile.cs
  artifactKey: Guid(3605dd832357f5a189a5c335bd7938a1) Importer(815301076,1909f56bfc062723c751e8b465ee728b)
Start importing Assets/Scripts/Projectiles/DefaultProjectile.cs using Guid(3605dd832357f5a189a5c335bd7938a1) Importer(815301076,1909f56bfc062723c751e8b465ee728b)  -> (artifact id: 'a3a38c6faf8fc08d04a2289d6152ee97') in 0,001879 seconds
  Import took 0,009044 seconds .

========================================================================
Received Prepare
Registering precompiled user dll's ...
Registered in 0,001121 seconds.
Begin MonoManager ReloadAssembly
Native extension for LinuxStandalone target not found
Native extension for WindowsStandalone target not found
Native extension for OSXStandalone target not found
Native extension for WebGL target not found
Refreshing native plugins compatible for Editor in 0,61 ms, found 1 plugins.
Preloading 0 native plugins for Editor in 0,00 ms.
Invoked RoslynAnalysisRunner static constructor.
RoslynAnalysisRunner will not be running.
RoslynAnalysisRunner has terminated.
Mono: successfully reloaded assembly
- Completed reload, in  1,665 seconds
Platform modules already initialized, skipping
Refreshing native plugins compatible for Editor in 0,70 ms, found 1 plugins.
Preloading 0 native plugins for Editor in 0,00 ms.
Unloading 2109 Unused Serialized files (Serialized files now loaded: 0)
System memory in use before: 90,4 MB.
System memory in use after: 90,5 MB.

Unloading 12 unused Assets to reduce memory usage. Loaded Objects now: 2656.
Total: 8,519947 ms (FindLiveObjects: 0,414539 ms CreateObjectMapping: 0,143981 ms MarkObjects: 7,690018 ms  DeleteObjects: 0,265989 ms)

========================================================================
Received Prepare
Registering precompiled user dll's ...
Registered in 0,001223 seconds.
Begin MonoManager ReloadAssembly
Native extension for LinuxStandalone target not found
Native extension for WindowsStandalone target not found
Native extension for OSXStandalone target not found
Native extension for WebGL target not found
Refreshing native plugins compatible for Editor in 0,61 ms, found 1 plugins.
Preloading 0 native plugins for Editor in 0,00 ms.
Invoked RoslynAnalysisRunner static constructor.
RoslynAnalysisRunner will not be running.
RoslynAnalysisRunner has terminated.
Mono: successfully reloaded assembly
- Completed reload, in  1,699 seconds
Platform modules already initialized, skipping
Refreshing native plugins compatible for Editor in 0,61 ms, found 1 plugins.
Preloading 0 native plugins for Editor in 0,00 ms.
Unloading 2109 Unused Serialized files (Serialized files now loaded: 0)
System memory in use before: 90,5 MB.
System memory in use after: 90,5 MB.

Unloading 12 unused Assets to reduce memory usage. Loaded Objects now: 2660.
Total: 8,804852 ms (FindLiveObjects: 0,418025 ms CreateObjectMapping: 0,140093 ms MarkObjects: 7,945318 ms  DeleteObjects: 0,295414 ms)

========================================================================
Received Import Request.
  Time since last request: 85,958742 seconds.
  path: Assets/Prefabs/EnemyRotationalSpaceCrab (1).prefab
  artifactKey: Guid(03fd5b978c0daa8ccb03971516cadec0) Importer(815301076,1909f56bfc062723c751e8b465ee728b)
Start importing Assets/Prefabs/EnemyRotationalSpaceCrab (1).prefab using Guid(03fd5b978c0daa8ccb03971516cadec0) Importer(815301076,1909f56bfc062723c751e8b465ee728b)  -> (artifact id: '73f8aa35ecad433d826c7c63992a7747') in 0,175426 seconds
  Import took 0,183956 seconds .

========================================================================
Received Import Request.
  Time since last request: 9,435449 seconds.
  path: Assets/Prefabs/EnemyFollower.prefab
  artifactKey: Guid(03fd5b978c0daa8ccb03971516cadec0) Importer(815301076,1909f56bfc062723c751e8b465ee728b)
Start importing Assets/Prefabs/EnemyFollower.prefab using Guid(03fd5b978c0daa8ccb03971516cadec0) Importer(815301076,1909f56bfc062723c751e8b465ee728b)  -> (artifact id: '6fbd2e880900353bf9bb31f78b5a3afc') in 0,016131 seconds
  Import took 0,025400 seconds .

========================================================================
Received Import Request.
  Time since last request: 11,075013 seconds.
  path: Assets/Prefabs/Enemies/EnemyFollowerSpaceCrab.prefab
  artifactKey: Guid(03fd5b978c0daa8ccb03971516cadec0) Importer(815301076,1909f56bfc062723c751e8b465ee728b)
Start importing Assets/Prefabs/Enemies/EnemyFollowerSpaceCrab.prefab using Guid(03fd5b978c0daa8ccb03971516cadec0) Importer(815301076,1909f56bfc062723c751e8b465ee728b)  -> (artifact id: '3eb46950f62cf4c9e1347d862c604e1e') in 0,015467 seconds
  Import took 0,024129 seconds .

========================================================================
Received Import Request.
  Time since last request: 24,887610 seconds.
  path: Assets/Prefabs/Enemies/EnemyFollowerSpaceCrab.prefab
  artifactKey: Guid(03fd5b978c0daa8ccb03971516cadec0) Importer(815301076,1909f56bfc062723c751e8b465ee728b)
Start importing Assets/Prefabs/Enemies/EnemyFollowerSpaceCrab.prefab using Guid(03fd5b978c0daa8ccb03971516cadec0) Importer(815301076,1909f56bfc062723c751e8b465ee728b)  -> (artifact id: 'eb1cb080e8d3d88ae1dfe2390323e2b2') in 0,015607 seconds
  Import took 0,024686 seconds .

========================================================================
Received Import Request.
  Time since last request: 1,386112 seconds.
  path: Assets/Prefabs/Enemies/EnemyRotationalSpaceCrab.prefab
  artifactKey: Guid(755c57499b05c9d1fb7d94e41d45d68f) Importer(815301076,1909f56bfc062723c751e8b465ee728b)
Start importing Assets/Prefabs/Enemies/EnemyRotationalSpaceCrab.prefab using Guid(755c57499b05c9d1fb7d94e41d45d68f) Importer(815301076,1909f56bfc062723c751e8b465ee728b)  -> (artifact id: 'f2e55b4b53316b1af844e592c51ff0ae') in 0,014844 seconds
  Import took 0,023294 seconds .

========================================================================
Received Import Request.
  Time since last request: 3,097434 seconds.
  path: Assets/Prefabs/Enemies/EnemyRotationalSpaceCrab.prefab
  artifactKey: Guid(755c57499b05c9d1fb7d94e41d45d68f) Importer(815301076,1909f56bfc062723c751e8b465ee728b)
Start importing Assets/Prefabs/Enemies/EnemyRotationalSpaceCrab.prefab using Guid(755c57499b05c9d1fb7d94e41d45d68f) Importer(815301076,1909f56bfc062723c751e8b465ee728b)  -> (artifact id: 'e1c0f930cf12bb6dd437649957a5d2fb') in 0,018489 seconds
  Import took 0,026881 seconds .

========================================================================
Received Import Request.
  Time since last request: 3,677929 seconds.
  path: Assets/Prefabs/Enemies/EnemyStationarySpaceCrab.prefab
  artifactKey: Guid(fd821cc36f666d54592388e02f75fcb5) Importer(815301076,1909f56bfc062723c751e8b465ee728b)
Start importing Assets/Prefabs/Enemies/EnemyStationarySpaceCrab.prefab using Guid(fd821cc36f666d54592388e02f75fcb5) Importer(815301076,1909f56bfc062723c751e8b465ee728b)  -> (artifact id: '5b7dfa4eedf69da091c898746e894a2a') in 0,016633 seconds
  Import took 0,024806 seconds .

========================================================================
Received Prepare
Registering precompiled user dll's ...
Registered in 0,001134 seconds.
Begin MonoManager ReloadAssembly
Native extension for LinuxStandalone target not found
Native extension for WindowsStandalone target not found
Native extension for OSXStandalone target not found
Native extension for WebGL target not found
Refreshing native plugins compatible for Editor in 0,65 ms, found 1 plugins.
Preloading 0 native plugins for Editor in 0,00 ms.
Invoked RoslynAnalysisRunner static constructor.
RoslynAnalysisRunner will not be running.
RoslynAnalysisRunner has terminated.
Mono: successfully reloaded assembly
- Completed reload, in  1,718 seconds
Platform modules already initialized, skipping
Refreshing native plugins compatible for Editor in 0,72 ms, found 1 plugins.
Preloading 0 native plugins for Editor in 0,00 ms.
Unloading 2109 Unused Serialized files (Serialized files now loaded: 0)
System memory in use before: 91,8 MB.
System memory in use after: 91,8 MB.

Unloading 12 unused Assets to reduce memory usage. Loaded Objects now: 2671.
Total: 9,112640 ms (FindLiveObjects: 0,424286 ms CreateObjectMapping: 0,139011 ms MarkObjects: 8,248948 ms  DeleteObjects: 0,294773 ms)

========================================================================
Received Prepare
Registering precompiled user dll's ...
Registered in 0,001176 seconds.
Begin MonoManager ReloadAssembly
Native extension for LinuxStandalone target not found
Native extension for WindowsStandalone target not found
Native extension for OSXStandalone target not found
Native extension for WebGL target not found
Refreshing native plugins compatible for Editor in 0,61 ms, found 1 plugins.
Preloading 0 native plugins for Editor in 0,00 ms.
Invoked RoslynAnalysisRunner static constructor.
RoslynAnalysisRunner will not be running.
RoslynAnalysisRunner has terminated.
Mono: successfully reloaded assembly
- Completed reload, in  1,744 seconds
Platform modules already initialized, skipping
Refreshing native plugins compatible for Editor in 0,62 ms, found 1 plugins.
Preloading 0 native plugins for Editor in 0,00 ms.
Unloading 2109 Unused Serialized files (Serialized files now loaded: 0)
System memory in use before: 91,8 MB.
System memory in use after: 91,8 MB.

Unloading 12 unused Assets to reduce memory usage. Loaded Objects now: 2675.
Total: 7,744160 ms (FindLiveObjects: 0,423996 ms CreateObjectMapping: 0,140734 ms MarkObjects: 6,944499 ms  DeleteObjects: 0,230252 ms)

========================================================================
Received Prepare
Registering precompiled user dll's ...
Registered in 0,001652 seconds.
Begin MonoManager ReloadAssembly
Native extension for LinuxStandalone target not found
Native extension for WindowsStandalone target not found
Native extension for OSXStandalone target not found
Native extension for WebGL target not found
Refreshing native plugins compatible for Editor in 0,60 ms, found 1 plugins.
Preloading 0 native plugins for Editor in 0,00 ms.
Invoked RoslynAnalysisRunner static constructor.
RoslynAnalysisRunner will not be running.
RoslynAnalysisRunner has terminated.
Mono: successfully reloaded assembly
- Completed reload, in  1,732 seconds
Platform modules already initialized, skipping
Refreshing native plugins compatible for Editor in 0,58 ms, found 1 plugins.
Preloading 0 native plugins for Editor in 0,00 ms.
Unloading 2109 Unused Serialized files (Serialized files now loaded: 0)
System memory in use before: 91,8 MB.
System memory in use after: 91,8 MB.

Unloading 12 unused Assets to reduce memory usage. Loaded Objects now: 2679.
Total: 8,719362 ms (FindLiveObjects: 0,457589 ms CreateObjectMapping: 0,152366 ms MarkObjects: 7,867161 ms  DeleteObjects: 0,236725 ms)

========================================================================
Received Import Request.
  Time since last request: 246,177946 seconds.
  path: Assets/Prefabs/Enemies/EnemyFollowerSpaceCrab.prefab
  artifactKey: Guid(03fd5b978c0daa8ccb03971516cadec0) Importer(815301076,1909f56bfc062723c751e8b465ee728b)
Start importing Assets/Prefabs/Enemies/EnemyFollowerSpaceCrab.prefab using Guid(03fd5b978c0daa8ccb03971516cadec0) Importer(815301076,1909f56bfc062723c751e8b465ee728b)  -> (artifact id: '1fe3373bb33c7bc36ee4224f2f7d880c') in 0,111033 seconds
  Import took 0,119045 seconds .

========================================================================
Received Prepare
Registering precompiled user dll's ...
Registered in 0,001196 seconds.
Begin MonoManager ReloadAssembly
Native extension for LinuxStandalone target not found
Native extension for WindowsStandalone target not found
Native extension for OSXStandalone target not found
Native extension for WebGL target not found
Refreshing native plugins compatible for Editor in 0,65 ms, found 1 plugins.
Preloading 0 native plugins for Editor in 0,00 ms.
Invoked RoslynAnalysisRunner static constructor.
RoslynAnalysisRunner will not be running.
RoslynAnalysisRunner has terminated.
Mono: successfully reloaded assembly
- Completed reload, in  1,715 seconds
Platform modules already initialized, skipping
Refreshing native plugins compatible for Editor in 0,70 ms, found 1 plugins.
Preloading 0 native plugins for Editor in 0,00 ms.
Unloading 2109 Unused Serialized files (Serialized files now loaded: 0)
System memory in use before: 91,8 MB.
System memory in use after: 91,8 MB.

Unloading 12 unused Assets to reduce memory usage. Loaded Objects now: 2684.
Total: 8,360858 ms (FindLiveObjects: 0,429246 ms CreateObjectMapping: 0,141015 ms MarkObjects: 7,510471 ms  DeleteObjects: 0,274185 ms)

========================================================================
Received Prepare
Registering precompiled user dll's ...
Registered in 0,001700 seconds.
Begin MonoManager ReloadAssembly
Native extension for LinuxStandalone target not found
Native extension for WindowsStandalone target not found
Native extension for OSXStandalone target not found
Native extension for WebGL target not found
Refreshing native plugins compatible for Editor in 0,61 ms, found 1 plugins.
Preloading 0 native plugins for Editor in 0,00 ms.
Invoked RoslynAnalysisRunner static constructor.
RoslynAnalysisRunner will not be running.
RoslynAnalysisRunner has terminated.
Mono: successfully reloaded assembly
- Completed reload, in  1,736 seconds
Platform modules already initialized, skipping
Refreshing native plugins compatible for Editor in 0,60 ms, found 1 plugins.
Preloading 0 native plugins for Editor in 0,00 ms.
Unloading 2109 Unused Serialized files (Serialized files now loaded: 0)
System memory in use before: 91,8 MB.
System memory in use after: 91,8 MB.

Unloading 12 unused Assets to reduce memory usage. Loaded Objects now: 2688.
Total: 8,332985 ms (FindLiveObjects: 0,566544 ms CreateObjectMapping: 0,170581 ms MarkObjects: 7,348116 ms  DeleteObjects: 0,242725 ms)

========================================================================
Received Prepare
Registering precompiled user dll's ...
Registered in 0,001118 seconds.
Begin MonoManager ReloadAssembly
Native extension for LinuxStandalone target not found
Native extension for WindowsStandalone target not found
Native extension for OSXStandalone target not found
Native extension for WebGL target not found
Refreshing native plugins compatible for Editor in 0,60 ms, found 1 plugins.
Preloading 0 native plugins for Editor in 0,00 ms.
Invoked RoslynAnalysisRunner static constructor.
RoslynAnalysisRunner will not be running.
RoslynAnalysisRunner has terminated.
Mono: successfully reloaded assembly
- Completed reload, in  1,854 seconds
Platform modules already initialized, skipping
Refreshing native plugins compatible for Editor in 0,71 ms, found 1 plugins.
Preloading 0 native plugins for Editor in 0,00 ms.
Unloading 2109 Unused Serialized files (Serialized files now loaded: 0)
System memory in use before: 91,8 MB.
System memory in use after: 91,8 MB.

Unloading 12 unused Assets to reduce memory usage. Loaded Objects now: 2692.
Total: 10,005516 ms (FindLiveObjects: 0,585148 ms CreateObjectMapping: 0,171492 ms MarkObjects: 8,967527 ms  DeleteObjects: 0,275287 ms)

========================================================================
Received Prepare
Registering precompiled user dll's ...
Registered in 0,001479 seconds.
Begin MonoManager ReloadAssembly
Native extension for LinuxStandalone target not found
Native extension for WindowsStandalone target not found
Native extension for OSXStandalone target not found
Native extension for WebGL target not found
Refreshing native plugins compatible for Editor in 0,60 ms, found 1 plugins.
Preloading 0 native plugins for Editor in 0,00 ms.
Invoked RoslynAnalysisRunner static constructor.
RoslynAnalysisRunner will not be running.
RoslynAnalysisRunner has terminated.
Mono: successfully reloaded assembly
- Completed reload, in  1,738 seconds
Platform modules already initialized, skipping
Refreshing native plugins compatible for Editor in 0,60 ms, found 1 plugins.
Preloading 0 native plugins for Editor in 0,00 ms.
Unloading 2109 Unused Serialized files (Serialized files now loaded: 0)
System memory in use before: 91,8 MB.
System memory in use after: 91,8 MB.

Unloading 12 unused Assets to reduce memory usage. Loaded Objects now: 2696.
Total: 9,647053 ms (FindLiveObjects: 0,578536 ms CreateObjectMapping: 0,170740 ms MarkObjects: 8,574039 ms  DeleteObjects: 0,317927 ms)

========================================================================
Received Prepare
Registering precompiled user dll's ...
Registered in 0,001505 seconds.
Begin MonoManager ReloadAssembly
Native extension for LinuxStandalone target not found
Native extension for WindowsStandalone target not found
Native extension for OSXStandalone target not found
Native extension for WebGL target not found
Refreshing native plugins compatible for Editor in 0,62 ms, found 1 plugins.
Preloading 0 native plugins for Editor in 0,00 ms.
Invoked RoslynAnalysisRunner static constructor.
RoslynAnalysisRunner will not be running.
RoslynAnalysisRunner has terminated.
Mono: successfully reloaded assembly
- Completed reload, in  1,799 seconds
Platform modules already initialized, skipping
Refreshing native plugins compatible for Editor in 0,73 ms, found 1 plugins.
Preloading 0 native plugins for Editor in 0,00 ms.
Unloading 2109 Unused Serialized files (Serialized files now loaded: 0)
System memory in use before: 91,8 MB.
System memory in use after: 91,9 MB.

Unloading 12 unused Assets to reduce memory usage. Loaded Objects now: 2700.
Total: 9,700644 ms (FindLiveObjects: 0,426811 ms CreateObjectMapping: 0,147938 ms MarkObjects: 8,711717 ms  DeleteObjects: 0,408127 ms)

========================================================================
Received Prepare
Registering precompiled user dll's ...
Registered in 0,001499 seconds.
Begin MonoManager ReloadAssembly
Native extension for LinuxStandalone target not found
Native extension for WindowsStandalone target not found
Native extension for OSXStandalone target not found
Native extension for WebGL target not found
Refreshing native plugins compatible for Editor in 0,61 ms, found 1 plugins.
Preloading 0 native plugins for Editor in 0,00 ms.
Invoked RoslynAnalysisRunner static constructor.
RoslynAnalysisRunner will not be running.
RoslynAnalysisRunner has terminated.
Mono: successfully reloaded assembly
- Completed reload, in  1,774 seconds
Platform modules already initialized, skipping
Refreshing native plugins compatible for Editor in 0,97 ms, found 1 plugins.
Preloading 0 native plugins for Editor in 0,00 ms.
Unloading 2109 Unused Serialized files (Serialized files now loaded: 0)
System memory in use before: 91,8 MB.
System memory in use after: 91,9 MB.

Unloading 12 unused Assets to reduce memory usage. Loaded Objects now: 2704.
Total: 9,258804 ms (FindLiveObjects: 0,447851 ms CreateObjectMapping: 0,149731 ms MarkObjects: 8,334769 ms  DeleteObjects: 0,320341 ms)

========================================================================
Received Prepare
Registering precompiled user dll's ...
Registered in 0,002131 seconds.
Begin MonoManager ReloadAssembly
Native extension for LinuxStandalone target not found
Native extension for WindowsStandalone target not found
Native extension for OSXStandalone target not found
Native extension for WebGL target not found
Refreshing native plugins compatible for Editor in 0,62 ms, found 1 plugins.
Preloading 0 native plugins for Editor in 0,00 ms.
Invoked RoslynAnalysisRunner static constructor.
RoslynAnalysisRunner will not be running.
RoslynAnalysisRunner has terminated.
Mono: successfully reloaded assembly
- Completed reload, in  1,754 seconds
Platform modules already initialized, skipping
Refreshing native plugins compatible for Editor in 0,84 ms, found 1 plugins.
Preloading 0 native plugins for Editor in 0,00 ms.
Unloading 2109 Unused Serialized files (Serialized files now loaded: 0)
System memory in use before: 91,9 MB.
System memory in use after: 91,9 MB.

Unloading 12 unused Assets to reduce memory usage. Loaded Objects now: 2708.
Total: 8,718690 ms (FindLiveObjects: 0,489760 ms CreateObjectMapping: 0,143029 ms MarkObjects: 7,805645 ms  DeleteObjects: 0,274826 ms)

========================================================================
Received Prepare
Registering precompiled user dll's ...
Registered in 0,001420 seconds.
Begin MonoManager ReloadAssembly
Native extension for LinuxStandalone target not found
Native extension for WindowsStandalone target not found
Native extension for OSXStandalone target not found
Native extension for WebGL target not found
Refreshing native plugins compatible for Editor in 0,72 ms, found 1 plugins.
Preloading 0 native plugins for Editor in 0,00 ms.
Invoked RoslynAnalysisRunner static constructor.
RoslynAnalysisRunner will not be running.
RoslynAnalysisRunner has terminated.
Mono: successfully reloaded assembly
- Completed reload, in  1,747 seconds
Platform modules already initialized, skipping
Refreshing native plugins compatible for Editor in 0,60 ms, found 1 plugins.
Preloading 0 native plugins for Editor in 0,00 ms.
Unloading 2109 Unused Serialized files (Serialized files now loaded: 0)
System memory in use before: 91,9 MB.
System memory in use after: 91,9 MB.

Unloading 12 unused Assets to reduce memory usage. Loaded Objects now: 2712.
Total: 8,924146 ms (FindLiveObjects: 0,402325 ms CreateObjectMapping: 0,125997 ms MarkObjects: 8,123854 ms  DeleteObjects: 0,266861 ms)

========================================================================
Received Prepare
Registering precompiled user dll's ...
Registered in 0,001198 seconds.
Begin MonoManager ReloadAssembly
Native extension for LinuxStandalone target not found
Native extension for WindowsStandalone target not found
Native extension for OSXStandalone target not found
Native extension for WebGL target not found
Refreshing native plugins compatible for Editor in 0,62 ms, found 1 plugins.
Preloading 0 native plugins for Editor in 0,00 ms.
Invoked RoslynAnalysisRunner static constructor.
RoslynAnalysisRunner will not be running.
RoslynAnalysisRunner has terminated.
Mono: successfully reloaded assembly
- Completed reload, in  1,692 seconds
Platform modules already initialized, skipping
Refreshing native plugins compatible for Editor in 0,59 ms, found 1 plugins.
Preloading 0 native plugins for Editor in 0,00 ms.
Unloading 2109 Unused Serialized files (Serialized files now loaded: 0)
System memory in use before: 92,0 MB.
System memory in use after: 92,0 MB.

Unloading 12 unused Assets to reduce memory usage. Loaded Objects now: 2716.
Total: 9,379501 ms (FindLiveObjects: 0,813136 ms CreateObjectMapping: 0,295956 ms MarkObjects: 7,988469 ms  DeleteObjects: 0,275979 ms)

========================================================================
Received Prepare
Registering precompiled user dll's ...
Registered in 0,001087 seconds.
Begin MonoManager ReloadAssembly
Native extension for LinuxStandalone target not found
Native extension for WindowsStandalone target not found
Native extension for OSXStandalone target not found
Native extension for WebGL target not found
Refreshing native plugins compatible for Editor in 0,46 ms, found 1 plugins.
Preloading 0 native plugins for Editor in 0,00 ms.
Invoked RoslynAnalysisRunner static constructor.
RoslynAnalysisRunner will not be running.
RoslynAnalysisRunner has terminated.
Mono: successfully reloaded assembly
- Completed reload, in  1,387 seconds
Platform modules already initialized, skipping
Refreshing native plugins compatible for Editor in 0,49 ms, found 1 plugins.
Preloading 0 native plugins for Editor in 0,00 ms.
Unloading 2109 Unused Serialized files (Serialized files now loaded: 0)
System memory in use before: 92,0 MB.
System memory in use after: 92,0 MB.

Unloading 12 unused Assets to reduce memory usage. Loaded Objects now: 2720.
Total: 8,344006 ms (FindLiveObjects: 0,407225 ms CreateObjectMapping: 0,113924 ms MarkObjects: 7,579361 ms  DeleteObjects: 0,239119 ms)

========================================================================
Received Prepare
Registering precompiled user dll's ...
Registered in 0,001093 seconds.
Begin MonoManager ReloadAssembly
Native extension for LinuxStandalone target not found
Native extension for WindowsStandalone target not found
Native extension for OSXStandalone target not found
Native extension for WebGL target not found
Refreshing native plugins compatible for Editor in 0,89 ms, found 1 plugins.
Preloading 0 native plugins for Editor in 0,00 ms.
Invoked RoslynAnalysisRunner static constructor.
RoslynAnalysisRunner will not be running.
RoslynAnalysisRunner has terminated.
Mono: successfully reloaded assembly
- Completed reload, in  1,875 seconds
Platform modules already initialized, skipping
Refreshing native plugins compatible for Editor in 1,26 ms, found 1 plugins.
Preloading 0 native plugins for Editor in 0,00 ms.
Unloading 2109 Unused Serialized files (Serialized files now loaded: 0)
System memory in use before: 92,0 MB.
System memory in use after: 92,1 MB.

Unloading 12 unused Assets to reduce memory usage. Loaded Objects now: 2724.
Total: 9,673663 ms (FindLiveObjects: 0,470393 ms CreateObjectMapping: 0,146395 ms MarkObjects: 8,737085 ms  DeleteObjects: 0,313338 ms)

========================================================================
Received Prepare
Registering precompiled user dll's ...
Registered in 0,001123 seconds.
Begin MonoManager ReloadAssembly
Native extension for LinuxStandalone target not found
Native extension for WindowsStandalone target not found
Native extension for OSXStandalone target not found
Native extension for WebGL target not found
Refreshing native plugins compatible for Editor in 0,60 ms, found 1 plugins.
Preloading 0 native plugins for Editor in 0,00 ms.
Invoked RoslynAnalysisRunner static constructor.
RoslynAnalysisRunner will not be running.
RoslynAnalysisRunner has terminated.
Mono: successfully reloaded assembly
- Completed reload, in  1,716 seconds
Platform modules already initialized, skipping
Refreshing native plugins compatible for Editor in 0,79 ms, found 1 plugins.
Preloading 0 native plugins for Editor in 0,00 ms.
Unloading 2109 Unused Serialized files (Serialized files now loaded: 0)
System memory in use before: 92,0 MB.
System memory in use after: 92,1 MB.

Unloading 12 unused Assets to reduce memory usage. Loaded Objects now: 2728.
Total: 8,612681 ms (FindLiveObjects: 0,513083 ms CreateObjectMapping: 0,162806 ms MarkObjects: 7,632400 ms  DeleteObjects: 0,298851 ms)

========================================================================
Received Prepare
Registering precompiled user dll's ...
Registered in 0,001479 seconds.
Begin MonoManager ReloadAssembly
Native extension for LinuxStandalone target not found
Native extension for WindowsStandalone target not found
Native extension for OSXStandalone target not found
Native extension for WebGL target not found
Refreshing native plugins compatible for Editor in 0,60 ms, found 1 plugins.
Preloading 0 native plugins for Editor in 0,00 ms.
Invoked RoslynAnalysisRunner static constructor.
RoslynAnalysisRunner will not be running.
RoslynAnalysisRunner has terminated.
Mono: successfully reloaded assembly
- Completed reload, in  1,730 seconds
Platform modules already initialized, skipping
Refreshing native plugins compatible for Editor in 0,60 ms, found 1 plugins.
Preloading 0 native plugins for Editor in 0,00 ms.
Unloading 2109 Unused Serialized files (Serialized files now loaded: 0)
System memory in use before: 92,0 MB.
System memory in use after: 92,1 MB.

Unloading 12 unused Assets to reduce memory usage. Loaded Objects now: 2732.
Total: 8,356810 ms (FindLiveObjects: 0,472888 ms CreateObjectMapping: 0,155011 ms MarkObjects: 7,444658 ms  DeleteObjects: 0,278763 ms)

========================================================================
Received Prepare
Registering precompiled user dll's ...
Registered in 0,001324 seconds.
Begin MonoManager ReloadAssembly
Native extension for LinuxStandalone target not found
Native extension for WindowsStandalone target not found
Native extension for OSXStandalone target not found
Native extension for WebGL target not found
Refreshing native plugins compatible for Editor in 0,83 ms, found 1 plugins.
Preloading 0 native plugins for Editor in 0,00 ms.
Invoked RoslynAnalysisRunner static constructor.
RoslynAnalysisRunner will not be running.
RoslynAnalysisRunner has terminated.
Mono: successfully reloaded assembly
- Completed reload, in  1,729 seconds
Platform modules already initialized, skipping
Refreshing native plugins compatible for Editor in 0,61 ms, found 1 plugins.
Preloading 0 native plugins for Editor in 0,00 ms.
Unloading 2109 Unused Serialized files (Serialized files now loaded: 0)
System memory in use before: 92,0 MB.
System memory in use after: 92,1 MB.

Unloading 12 unused Assets to reduce memory usage. Loaded Objects now: 2736.
Total: 8,107423 ms (FindLiveObjects: 0,473850 ms CreateObjectMapping: 0,147136 ms MarkObjects: 7,241236 ms  DeleteObjects: 0,240442 ms)

========================================================================
Received Prepare
Registering precompiled user dll's ...
Registered in 0,001443 seconds.
Begin MonoManager ReloadAssembly
Native extension for LinuxStandalone target not found
Native extension for WindowsStandalone target not found
Native extension for OSXStandalone target not found
Native extension for WebGL target not found
Refreshing native plugins compatible for Editor in 0,61 ms, found 1 plugins.
Preloading 0 native plugins for Editor in 0,00 ms.
Invoked RoslynAnalysisRunner static constructor.
RoslynAnalysisRunner will not be running.
RoslynAnalysisRunner has terminated.
Mono: successfully reloaded assembly
- Completed reload, in  1,763 seconds
Platform modules already initialized, skipping
Refreshing native plugins compatible for Editor in 0,59 ms, found 1 plugins.
Preloading 0 native plugins for Editor in 0,00 ms.
Unloading 2109 Unused Serialized files (Serialized files now loaded: 0)
System memory in use before: 92,0 MB.
System memory in use after: 92,1 MB.

Unloading 12 unused Assets to reduce memory usage. Loaded Objects now: 2740.
Total: 8,557347 ms (FindLiveObjects: 0,809270 ms CreateObjectMapping: 0,285346 ms MarkObjects: 7,218724 ms  DeleteObjects: 0,238528 ms)

========================================================================
Received Prepare
Registering precompiled user dll's ...
Registered in 0,001148 seconds.
Begin MonoManager ReloadAssembly
Native extension for LinuxStandalone target not found
Native extension for WindowsStandalone target not found
Native extension for OSXStandalone target not found
Native extension for WebGL target not found
Refreshing native plugins compatible for Editor in 0,64 ms, found 1 plugins.
Preloading 0 native plugins for Editor in 0,00 ms.
Invoked RoslynAnalysisRunner static constructor.
RoslynAnalysisRunner will not be running.
RoslynAnalysisRunner has terminated.
Mono: successfully reloaded assembly
- Completed reload, in  1,805 seconds
Platform modules already initialized, skipping
Refreshing native plugins compatible for Editor in 0,82 ms, found 1 plugins.
Preloading 0 native plugins for Editor in 0,00 ms.
Unloading 2109 Unused Serialized files (Serialized files now loaded: 0)
System memory in use before: 92,0 MB.
System memory in use after: 92,1 MB.

Unloading 12 unused Assets to reduce memory usage. Loaded Objects now: 2744.
Total: 6,937586 ms (FindLiveObjects: 0,476114 ms CreateObjectMapping: 0,130235 ms MarkObjects: 5,919635 ms  DeleteObjects: 0,406614 ms)

========================================================================
Received Import Request.
  Time since last request: 907,671250 seconds.
  path: Assets/Prefabs/Enemies/EnemyFollowerSpaceCrab.prefab
  artifactKey: Guid(03fd5b978c0daa8ccb03971516cadec0) Importer(815301076,1909f56bfc062723c751e8b465ee728b)
Start importing Assets/Prefabs/Enemies/EnemyFollowerSpaceCrab.prefab using Guid(03fd5b978c0daa8ccb03971516cadec0) Importer(815301076,1909f56bfc062723c751e8b465ee728b)  -> (artifact id: 'f64fdd90dbda586573b7dec4dfe344fe') in 0,112099 seconds
  Import took 0,121542 seconds .

========================================================================
Received Prepare
Registering precompiled user dll's ...
Registered in 0,001418 seconds.
Begin MonoManager ReloadAssembly
Native extension for LinuxStandalone target not found
Native extension for WindowsStandalone target not found
Native extension for OSXStandalone target not found
Native extension for WebGL target not found
Refreshing native plugins compatible for Editor in 1,32 ms, found 1 plugins.
Preloading 0 native plugins for Editor in 0,00 ms.
Invoked RoslynAnalysisRunner static constructor.
RoslynAnalysisRunner will not be running.
RoslynAnalysisRunner has terminated.
Mono: successfully reloaded assembly
- Completed reload, in  1,707 seconds
Platform modules already initialized, skipping
Refreshing native plugins compatible for Editor in 0,98 ms, found 1 plugins.
Preloading 0 native plugins for Editor in 0,00 ms.
Unloading 2109 Unused Serialized files (Serialized files now loaded: 0)
System memory in use before: 92,0 MB.
System memory in use after: 92,2 MB.

Unloading 12 unused Assets to reduce memory usage. Loaded Objects now: 2749.
Total: 10,451584 ms (FindLiveObjects: 0,685116 ms CreateObjectMapping: 0,160782 ms MarkObjects: 9,230000 ms  DeleteObjects: 0,369804 ms)

AssetImportWorkerClient::OnTransportError - code=2 error=End of file
