Using pre-set license
Desktop is 1920 x 1080 @ 60 Hz

 COMMAND LINE ARGUMENTS:
Unity
-adb2
-batchMode
-noUpm
-name
AssetImportWorker0
-projectPath
/home/vshturkhal/Документи/UnityEngineProjects/2DSpaceShooterReview
-logFile
Logs/AssetImportWorker0.log
-srvPort
41135
Successfully changed project path to: /home/vshturkhal/Документи/UnityEngineProjects/2DSpaceShooterReview
/home/vshturkhal/Документи/UnityEngineProjects/2DSpaceShooterReview
Using Asset Import Pipeline V2.
Refreshing native plugins compatible for Editor in 83,85 ms, found 1 plugins.
Preloading 0 native plugins for Editor in 0,00 ms.
Initialize engine version: 2020.3.0f1 (c7b5465681fb)
[Subsystems] Discovering subsystems at path /home/vshturkhal/UnityEditor/2020.3.0f1/Editor/Data/Resources/UnitySubsystems
[Subsystems] Discovering subsystems at path /home/vshturkhal/Документи/UnityEngineProjects/2DSpaceShooterReview/Assets
GLX Extensions: GLX_ARB_create_context GLX_ARB_create_context_no_error GLX_ARB_create_context_profile GLX_ARB_create_context_robustness GLX_ARB_fbconfig_float GLX_ARB_framebuffer_sRGB GLX_ARB_get_proc_address GLX_ARB_multisample GLX_EXT_buffer_age GLX_EXT_create_context_es2_profile GLX_EXT_create_context_es_profile GLX_EXT_fbconfig_packed_float GLX_EXT_framebuffer_sRGB GLX_EXT_import_context GLX_EXT_texture_from_pixmap GLX_EXT_visual_info GLX_EXT_visual_rating GLX_INTEL_swap_event GLX_MESA_copy_sub_buffer GLX_MESA_query_renderer GLX_MESA_swap_control GLX_OML_swap_method GLX_OML_sync_control GLX_SGIS_multisample GLX_SGIX_fbconfig GLX_SGIX_pbuffer GLX_SGIX_visual_select_group GLX_SGI_make_current_read GLX_SGI_swap_control GLX_SGI_video_sync 
Renderer: AMD RAVEN (DRM 3.27.0, 5.0.0-37-generic, LLVM 10.0.1)
Vendor:   X.Org
Version:  4.6 (Core Profile) Mesa 20.2.0-devel (git-912ad09 2020-07-18 bionic-oibaf-ppa)
GLES:     0
 GL_AMD_conservative_depth GL_AMD_depth_clamp_separate GL_AMD_draw_buffers_blend GL_AMD_framebuffer_multisample_advanced GL_AMD_gpu_shader_int64 GL_AMD_multi_draw_indirect GL_AMD_performance_monitor GL_AMD_pinned_memory GL_AMD_query_buffer_object GL_AMD_seamless_cubemap_per_texture GL_AMD_shader_stencil_export GL_AMD_shader_trinary_minmax GL_AMD_texture_texture4 GL_AMD_vertex_shader_layer GL_AMD_vertex_shader_viewport_index GL_ANGLE_texture_compression_dxt3 GL_ANGLE_texture_compression_dxt5 GL_ARB_ES2_compatibility GL_ARB_ES3_1_compatibility GL_ARB_ES3_2_compatibility GL_ARB_ES3_compatibility GL_ARB_arrays_of_arrays GL_ARB_base_instance GL_ARB_bindless_texture GL_ARB_blend_func_extended GL_ARB_buffer_storage GL_ARB_clear_buffer_object GL_ARB_clear_texture GL_ARB_clip_control GL_ARB_color_buffer_float GL_ARB_compressed_texture_pixel_storage GL_ARB_compute_shader GL_ARB_compute_variable_group_size GL_ARB_conditional_render_inverted GL_ARB_conservative_depth GL_ARB_copy_buffer GL_ARB_copy_image GL_ARB_cull_dist
ance GL_ARB_debug_output GL_ARB_depth_buffer_float GL_ARB_depth_clamp GL_ARB_derivative_control GL_ARB_direct_state_access GL_ARB_draw_buffers GL_ARB_draw_buffers_blend GL_ARB_draw_elements_base_vertex GL_ARB_draw_indirect GL_ARB_draw_instanced GL_ARB_enhanced_layouts GL_ARB_explicit_attrib_location GL_ARB_explicit_uniform_location GL_ARB_fragment_coord_conventions GL_ARB_fragment_layer_viewport GL_ARB_fragment_shader GL_ARB_framebuffer_no_attachments GL_ARB_framebuffer_object GL_ARB_framebuffer_sRGB GL_ARB_get_program_binary GL_ARB_get_texture_sub_image GL_ARB_gl_spirv GL_ARB_gpu_shader5 GL_ARB_gpu_shader_fp64 GL_ARB_gpu_shader_int64 GL_ARB_half_float_pixel GL_ARB_half_float_vertex GL_ARB_indirect_parameters GL_ARB_instanced_arrays GL_ARB_internalformat_query GL_ARB_internalformat_query2 GL_ARB_invalidate_subdata GL_ARB_map_buffer_alignment GL_ARB_map_buffer_range GL_ARB_multi_bind GL_ARB_multi_draw_indirect GL_ARB_occlusion_query2 GL_ARB_parallel_shader_compile GL_ARB_pipeline_statistics_query GL_ARB_pixel
_buffer_object GL_ARB_point_sprite GL_ARB_polygon_offset_clamp GL_ARB_program_interface_query GL_ARB_provoking_vertex GL_ARB_query_buffer_object GL_ARB_robust_buffer_access_behavior GL_ARB_robustness GL_ARB_sample_shading GL_ARB_sampler_objects GL_ARB_seamless_cube_map GL_ARB_seamless_cubemap_per_texture GL_ARB_separate_shader_objects GL_ARB_shader_atomic_counter_ops GL_ARB_shader_atomic_counters GL_ARB_shader_ballot GL_ARB_shader_bit_encoding GL_ARB_shader_clock GL_ARB_shader_draw_parameters GL_ARB_shader_group_vote GL_ARB_shader_image_load_store GL_ARB_shader_image_size GL_ARB_shader_objects GL_ARB_shader_precision GL_ARB_shader_stencil_export GL_ARB_shader_storage_buffer_object GL_ARB_shader_subroutine GL_ARB_shader_texture_image_samples GL_ARB_shader_texture_lod GL_ARB_shader_viewport_layer_array GL_ARB_shading_language_420pack GL_ARB_shading_language_include GL_ARB_shading_language_packing GL_ARB_sparse_buffer GL_ARB_spirv_extensions GL_ARB_stencil_texturing GL_ARB_sync GL_ARB_tessellation_shader GL_ARB
_texture_barrier GL_ARB_texture_buffer_object GL_ARB_texture_buffer_object_rgb32 GL_ARB_texture_buffer_range GL_ARB_texture_compression_bptc GL_ARB_texture_compression_rgtc GL_ARB_texture_cube_map_array GL_ARB_texture_filter_anisotropic GL_ARB_texture_float GL_ARB_texture_gather GL_ARB_texture_mirror_clamp_to_edge GL_ARB_texture_multisample GL_ARB_texture_non_power_of_two GL_ARB_texture_query_levels GL_ARB_texture_query_lod GL_ARB_texture_rectangle GL_ARB_texture_rg GL_ARB_texture_rgb10_a2ui GL_ARB_texture_stencil8 GL_ARB_texture_storage GL_ARB_texture_storage_multisample GL_ARB_texture_swizzle GL_ARB_texture_view GL_ARB_timer_query GL_ARB_transform_feedback2 GL_ARB_transform_feedback3 GL_ARB_transform_feedback_instanced GL_ARB_transform_feedback_overflow_query GL_ARB_uniform_buffer_object GL_ARB_vertex_array_bgra GL_ARB_vertex_array_object GL_ARB_vertex_attrib_64bit GL_ARB_vertex_attrib_binding GL_ARB_vertex_buffer_object GL_ARB_vertex_shader GL_ARB_vertex_type_10f_11f_11f_rev GL_ARB_vertex_type_2_10_10_10_
rev GL_ARB_viewport_array GL_ATI_blend_equation_separate GL_ATI_meminfo GL_ATI_texture_float GL_ATI_texture_mirror_once GL_EXT_EGL_image_storage GL_EXT_EGL_sync GL_EXT_abgr GL_EXT_blend_equation_separate GL_EXT_depth_bounds_test GL_EXT_draw_buffers2 GL_EXT_draw_instanced GL_EXT_framebuffer_blit GL_EXT_framebuffer_multisample GL_EXT_framebuffer_multisample_blit_scaled GL_EXT_framebuffer_object GL_EXT_framebuffer_sRGB GL_EXT_memory_object GL_EXT_memory_object_fd GL_EXT_packed_depth_stencil GL_EXT_packed_float GL_EXT_pixel_buffer_object GL_EXT_polygon_offset_clamp GL_EXT_provoking_vertex GL_EXT_semaphore GL_EXT_semaphore_fd GL_EXT_shader_image_load_formatted GL_EXT_shader_image_load_store GL_EXT_shader_integer_mix GL_EXT_shader_samples_identical GL_EXT_texture_array GL_EXT_texture_compression_dxt1 GL_EXT_texture_compression_rgtc GL_EXT_texture_compression_s3tc GL_EXT_texture_filter_anisotropic GL_EXT_texture_integer GL_EXT_texture_mirror_clamp GL_EXT_texture_sRGB GL_EXT_texture_sRGB_R8 GL_EXT_texture_sRGB_decod
e GL_EXT_texture_shadow_lod GL_EXT_texture_shared_exponent GL_EXT_texture_snorm GL_EXT_texture_swizzle GL_EXT_timer_query GL_EXT_transform_feedback GL_EXT_vertex_array_bgra GL_EXT_vertex_attrib_64bit GL_EXT_window_rectangles GL_IBM_multimode_draw_arrays GL_KHR_blend_equation_advanced GL_KHR_context_flush_control GL_KHR_debug GL_KHR_no_error GL_KHR_parallel_shader_compile GL_KHR_robust_buffer_access_behavior GL_KHR_robustness GL_KHR_texture_compression_astc_ldr GL_KHR_texture_compression_astc_sliced_3d GL_MESA_framebuffer_flip_y GL_MESA_pack_invert GL_MESA_shader_integer_functions GL_MESA_texture_signed_rgba GL_NVX_gpu_memory_info GL_NV_alpha_to_coverage_dither_control GL_NV_conditional_render GL_NV_copy_image GL_NV_depth_clamp GL_NV_packed_depth_stencil GL_NV_texture_barrier GL_NV_vdpau_interop GL_OES_EGL_image GL_S3_s3tc
OPENGL LOG: Creating OpenGL 4.6 graphics device ; Context level  <OpenGL 4.5> ; Context handle -1775620000
Initialize mono
Mono path[0] = '/home/vshturkhal/UnityEditor/2020.3.0f1/Editor/Data/Managed'
Mono path[1] = '/home/vshturkhal/UnityEditor/2020.3.0f1/Editor/Data/MonoBleedingEdge/lib/mono/unityjit'
Mono config path = '/home/vshturkhal/UnityEditor/2020.3.0f1/Editor/Data/MonoBleedingEdge/etc'
Using monoOptions --debugger-agent=transport=dt_socket,embedding=1,server=y,suspend=n,address=127.0.0.1:56612
Begin MonoManager ReloadAssembly
Registering precompiled unity dll's ...
Register platform support module: /home/vshturkhal/UnityEditor/2020.3.0f1/Editor/Data/PlaybackEngines/WebGLSupport/UnityEditor.WebGL.Extensions.dll
Register platform support module: /home/vshturkhal/UnityEditor/2020.3.0f1/Editor/Data/PlaybackEngines/MacStandaloneSupport/UnityEditor.OSXStandalone.Extensions.dll
Register platform support module: /home/vshturkhal/UnityEditor/2020.3.0f1/Editor/Data/PlaybackEngines/WindowsStandaloneSupport/UnityEditor.WindowsStandalone.Extensions.dll
Register platform support module: /home/vshturkhal/UnityEditor/2020.3.0f1/Editor/Data/PlaybackEngines/LinuxStandaloneSupport/UnityEditor.LinuxStandalone.Extensions.dll
Registered in 0,002321 seconds.
Native extension for LinuxStandalone target not found
Native extension for WindowsStandalone target not found
Native extension for OSXStandalone target not found
Native extension for WebGL target not found
Refreshing native plugins compatible for Editor in 83,66 ms, found 1 plugins.
Preloading 0 native plugins for Editor in 0,00 ms.
Invoked RoslynAnalysisRunner static constructor.
RoslynAnalysisRunner will not be running.
RoslynAnalysisRunner has terminated.
Mono: successfully reloaded assembly
- Completed reload, in  2,172 seconds
Platform modules already initialized, skipping
Registering precompiled user dll's ...
Registered in 0,002143 seconds.
Begin MonoManager ReloadAssembly
Native extension for LinuxStandalone target not found
Native extension for WindowsStandalone target not found
Native extension for OSXStandalone target not found
Native extension for WebGL target not found
Refreshing native plugins compatible for Editor in 87,07 ms, found 1 plugins.
Preloading 0 native plugins for Editor in 0,00 ms.
Invoked RoslynAnalysisRunner static constructor.
RoslynAnalysisRunner will not be running.
RoslynAnalysisRunner has terminated.
Mono: successfully reloaded assembly
- Completed reload, in  1,954 seconds
Platform modules already initialized, skipping
========================================================================
Worker process is ready to serve import requests
Launched and connected shader compiler UnityShaderCompiler after 0.02 seconds
Refreshing native plugins compatible for Editor in 1,01 ms, found 1 plugins.
Preloading 0 native plugins for Editor in 0,00 ms.
Unloading 2103 Unused Serialized files (Serialized files now loaded: 0)
System memory in use before: 90,3 MB.
System memory in use after: 90,3 MB.

Unloading 26 unused Assets to reduce memory usage. Loaded Objects now: 2548.
Total: 10,661252 ms (FindLiveObjects: 0,610004 ms CreateObjectMapping: 0,177272 ms MarkObjects: 9,304999 ms  DeleteObjects: 0,562024 ms)

========================================================================
Received Import Request.
  path: Assets/Animation/Player_Projectile.png
  artifactKey: Guid(3d2ee44f54c417f4b91b6fc3a40b7aad) Importer(815301076,1909f56bfc062723c751e8b465ee728b)
Start importing Assets/Animation/Player_Projectile.png using Guid(3d2ee44f54c417f4b91b6fc3a40b7aad) Importer(815301076,1909f56bfc062723c751e8b465ee728b)  -> (artifact id: '630005b269aaeb68ad7c0139c23b28f6') in 0,135200 seconds
  Import took 0,144141 seconds .

========================================================================
Received Import Request.
  Time since last request: 11,818880 seconds.
  path: Assets/Animation/Projectiles
  artifactKey: Guid(a92cbd80a63c89a8ea5ce10c6db4e1d1) Importer(815301076,1909f56bfc062723c751e8b465ee728b)
Start importing Assets/Animation/Projectiles using Guid(a92cbd80a63c89a8ea5ce10c6db4e1d1) Importer(815301076,1909f56bfc062723c751e8b465ee728b)  -> (artifact id: 'aae2604002a1fa63e29e5f52bec4c3b3') in 0,002115 seconds
  Import took 0,012394 seconds .

========================================================================
Received Import Request.
  Time since last request: 46,538514 seconds.
  path: Assets/Animation/Projectiles/Projectile.anim
  artifactKey: Guid(a790cad5abaf32e5eb616153a4569655) Importer(815301076,1909f56bfc062723c751e8b465ee728b)
Start importing Assets/Animation/Projectiles/Projectile.anim using Guid(a790cad5abaf32e5eb616153a4569655) Importer(815301076,1909f56bfc062723c751e8b465ee728b)  -> (artifact id: 'a5e05429d927f0e58c9e4e009e68340e') in 0,006097 seconds
  Import took 0,016232 seconds .

========================================================================
Received Import Request.
  Time since last request: 0,011618 seconds.
  path: Assets/Animation/Projectiles/Projectile.anim
  artifactKey: Guid(a790cad5abaf32e5eb616153a4569655) Importer(815301076,1909f56bfc062723c751e8b465ee728b)
Start importing Assets/Animation/Projectiles/Projectile.anim using Guid(a790cad5abaf32e5eb616153a4569655) Importer(815301076,1909f56bfc062723c751e8b465ee728b)  -> (artifact id: 'a5e05429d927f0e58c9e4e009e68340e') in 0,002967 seconds
  Import took 0,012559 seconds .

========================================================================
Received Prepare
Registering precompiled user dll's ...
Registered in 0,001733 seconds.
Begin MonoManager ReloadAssembly
Native extension for LinuxStandalone target not found
Native extension for WindowsStandalone target not found
Native extension for OSXStandalone target not found
Native extension for WebGL target not found
Refreshing native plugins compatible for Editor in 0,96 ms, found 1 plugins.
Preloading 0 native plugins for Editor in 0,00 ms.
Invoked RoslynAnalysisRunner static constructor.
RoslynAnalysisRunner will not be running.
RoslynAnalysisRunner has terminated.
Mono: successfully reloaded assembly
- Completed reload, in  1,732 seconds
Platform modules already initialized, skipping
Refreshing native plugins compatible for Editor in 0,97 ms, found 1 plugins.
Preloading 0 native plugins for Editor in 0,00 ms.
Unloading 2098 Unused Serialized files (Serialized files now loaded: 0)
System memory in use before: 91,7 MB.
System memory in use after: 91,7 MB.

Unloading 12 unused Assets to reduce memory usage. Loaded Objects now: 2559.
Total: 8,709522 ms (FindLiveObjects: 0,485059 ms CreateObjectMapping: 0,122650 ms MarkObjects: 7,802441 ms  DeleteObjects: 0,292509 ms)

========================================================================
Received Import Request.
  Time since last request: 24,497341 seconds.
  path: Assets/Animation/Projectiles/Projectile.anim
  artifactKey: Guid(a790cad5abaf32e5eb616153a4569655) Importer(815301076,1909f56bfc062723c751e8b465ee728b)
Start importing Assets/Animation/Projectiles/Projectile.anim using Guid(a790cad5abaf32e5eb616153a4569655) Importer(815301076,1909f56bfc062723c751e8b465ee728b)  -> (artifact id: '48f9ec005ed003c82c1a9942eadf23f1') in 0,027607 seconds
  Import took 0,036800 seconds .

========================================================================
Received Import Request.
  Time since last request: 202,956451 seconds.
  path: Assets/Scripts/Projectile.cs
  artifactKey: Guid(be7bcfc39e26b79a6bf69bb8df1e7863) Importer(815301076,1909f56bfc062723c751e8b465ee728b)
Start importing Assets/Scripts/Projectile.cs using Guid(be7bcfc39e26b79a6bf69bb8df1e7863) Importer(815301076,1909f56bfc062723c751e8b465ee728b)  -> (artifact id: 'c45f8177652ade3a6e3cd1fa800f07ed') in 0,002993 seconds
  Import took 0,012315 seconds .

========================================================================
Received Import Request.
  Time since last request: 0,001294 seconds.
  path: Assets/Scripts/Projectile.cs
  artifactKey: Guid(be7bcfc39e26b79a6bf69bb8df1e7863) Importer(815301076,1909f56bfc062723c751e8b465ee728b)
Start importing Assets/Scripts/Projectile.cs using Guid(be7bcfc39e26b79a6bf69bb8df1e7863) Importer(815301076,1909f56bfc062723c751e8b465ee728b)  -> (artifact id: 'c45f8177652ade3a6e3cd1fa800f07ed') in 0,001551 seconds
  Import took 0,010733 seconds .

========================================================================
Received Prepare
Registering precompiled user dll's ...
Registered in 0,001323 seconds.
Begin MonoManager ReloadAssembly
Native extension for LinuxStandalone target not found
Native extension for WindowsStandalone target not found
Native extension for OSXStandalone target not found
Native extension for WebGL target not found
Refreshing native plugins compatible for Editor in 0,85 ms, found 1 plugins.
Preloading 0 native plugins for Editor in 0,00 ms.
Invoked RoslynAnalysisRunner static constructor.
RoslynAnalysisRunner will not be running.
RoslynAnalysisRunner has terminated.
Mono: successfully reloaded assembly
- Completed reload, in  1,608 seconds
Platform modules already initialized, skipping
Refreshing native plugins compatible for Editor in 0,86 ms, found 1 plugins.
Preloading 0 native plugins for Editor in 0,00 ms.
Unloading 2099 Unused Serialized files (Serialized files now loaded: 0)
System memory in use before: 91,8 MB.
System memory in use after: 91,8 MB.

Unloading 12 unused Assets to reduce memory usage. Loaded Objects now: 2564.
Total: 9,024633 ms (FindLiveObjects: 0,602590 ms CreateObjectMapping: 0,240000 ms MarkObjects: 7,906497 ms  DeleteObjects: 0,269104 ms)

========================================================================
Received Prepare
Registering precompiled user dll's ...
Registered in 0,001400 seconds.
Begin MonoManager ReloadAssembly
Native extension for LinuxStandalone target not found
Native extension for WindowsStandalone target not found
Native extension for OSXStandalone target not found
Native extension for WebGL target not found
Refreshing native plugins compatible for Editor in 0,90 ms, found 1 plugins.
Preloading 0 native plugins for Editor in 0,00 ms.
Invoked RoslynAnalysisRunner static constructor.
RoslynAnalysisRunner will not be running.
RoslynAnalysisRunner has terminated.
Mono: successfully reloaded assembly
- Completed reload, in  1,693 seconds
Platform modules already initialized, skipping
Refreshing native plugins compatible for Editor in 0,91 ms, found 1 plugins.
Preloading 0 native plugins for Editor in 0,00 ms.
Unloading 2098 Unused Serialized files (Serialized files now loaded: 0)
System memory in use before: 91,8 MB.
System memory in use after: 91,8 MB.

Unloading 13 unused Assets to reduce memory usage. Loaded Objects now: 2567.
Total: 8,966384 ms (FindLiveObjects: 0,601538 ms CreateObjectMapping: 0,138069 ms MarkObjects: 7,840102 ms  DeleteObjects: 0,380363 ms)

========================================================================
Received Import Request.
  Time since last request: 31,239897 seconds.
  path: Assets/Scripts/MainProjectile.cs
  artifactKey: Guid(3605dd832357f5a189a5c335bd7938a1) Importer(815301076,1909f56bfc062723c751e8b465ee728b)
Start importing Assets/Scripts/MainProjectile.cs using Guid(3605dd832357f5a189a5c335bd7938a1) Importer(815301076,1909f56bfc062723c751e8b465ee728b)  -> (artifact id: '768c56b15d21a5359168013ee848ea96') in 0,013741 seconds
  Import took 0,023331 seconds .

========================================================================
Received Import Request.
  Time since last request: 0,053215 seconds.
  path: Assets/Scripts/MainProjectile.cs
  artifactKey: Guid(3605dd832357f5a189a5c335bd7938a1) Importer(815301076,1909f56bfc062723c751e8b465ee728b)
Start importing Assets/Scripts/MainProjectile.cs using Guid(3605dd832357f5a189a5c335bd7938a1) Importer(815301076,1909f56bfc062723c751e8b465ee728b)  -> (artifact id: '768c56b15d21a5359168013ee848ea96') in 0,001550 seconds
  Import took 0,012678 seconds .

========================================================================
Received Prepare
Registering precompiled user dll's ...
Registered in 0,001350 seconds.
Begin MonoManager ReloadAssembly
Native extension for LinuxStandalone target not found
Native extension for WindowsStandalone target not found
Native extension for OSXStandalone target not found
Native extension for WebGL target not found
Refreshing native plugins compatible for Editor in 0,88 ms, found 1 plugins.
Preloading 0 native plugins for Editor in 0,00 ms.
Invoked RoslynAnalysisRunner static constructor.
RoslynAnalysisRunner will not be running.
RoslynAnalysisRunner has terminated.
Mono: successfully reloaded assembly
- Completed reload, in  1,621 seconds
Platform modules already initialized, skipping
Refreshing native plugins compatible for Editor in 1,29 ms, found 1 plugins.
Preloading 0 native plugins for Editor in 0,00 ms.
Unloading 2099 Unused Serialized files (Serialized files now loaded: 0)
System memory in use before: 91,8 MB.
System memory in use after: 91,8 MB.

Unloading 12 unused Assets to reduce memory usage. Loaded Objects now: 2572.
Total: 10,251013 ms (FindLiveObjects: 0,596869 ms CreateObjectMapping: 0,136636 ms MarkObjects: 9,077652 ms  DeleteObjects: 0,432591 ms)

========================================================================
Received Import Request.
  Time since last request: 16,035342 seconds.
  path: Assets/Prefabs/ProjectileEx1.prefab
  artifactKey: Guid(1f12f9a1dab15800ca6b9c7f98169377) Importer(815301076,1909f56bfc062723c751e8b465ee728b)
Start importing Assets/Prefabs/ProjectileEx1.prefab using Guid(1f12f9a1dab15800ca6b9c7f98169377) Importer(815301076,1909f56bfc062723c751e8b465ee728b)  -> (artifact id: '2568c8310b83624976dbb4fa8f673b98') in 0,140268 seconds
  Import took 0,150139 seconds .

========================================================================
Received Import Request.
  Time since last request: 72,712282 seconds.
  path: Assets/Scripts/ProjectileCreator.cs
  artifactKey: Guid(83d7c352c3cb2366cb01ee185b74e203) Importer(815301076,1909f56bfc062723c751e8b465ee728b)
Start importing Assets/Scripts/ProjectileCreator.cs using Guid(83d7c352c3cb2366cb01ee185b74e203) Importer(815301076,1909f56bfc062723c751e8b465ee728b)  -> (artifact id: '182da8b3d283106e3b780ef4e3765f44') in 0,003206 seconds
  Import took 0,011932 seconds .

========================================================================
Received Import Request.
  Time since last request: 0,006325 seconds.
  path: Assets/Scripts/ProjectileCreator.cs
  artifactKey: Guid(83d7c352c3cb2366cb01ee185b74e203) Importer(815301076,1909f56bfc062723c751e8b465ee728b)
Start importing Assets/Scripts/ProjectileCreator.cs using Guid(83d7c352c3cb2366cb01ee185b74e203) Importer(815301076,1909f56bfc062723c751e8b465ee728b)  -> (artifact id: '182da8b3d283106e3b780ef4e3765f44') in 0,001522 seconds
  Import took 0,011125 seconds .

========================================================================
Received Prepare
Registering precompiled user dll's ...
Registered in 0,001380 seconds.
Begin MonoManager ReloadAssembly
Native extension for LinuxStandalone target not found
Native extension for WindowsStandalone target not found
Native extension for OSXStandalone target not found
Native extension for WebGL target not found
Refreshing native plugins compatible for Editor in 0,88 ms, found 1 plugins.
Preloading 0 native plugins for Editor in 0,00 ms.
Invoked RoslynAnalysisRunner static constructor.
RoslynAnalysisRunner will not be running.
RoslynAnalysisRunner has terminated.
Mono: successfully reloaded assembly
- Completed reload, in  1,684 seconds
Platform modules already initialized, skipping
Refreshing native plugins compatible for Editor in 0,90 ms, found 1 plugins.
Preloading 0 native plugins for Editor in 0,00 ms.
Unloading 2100 Unused Serialized files (Serialized files now loaded: 0)
System memory in use before: 91,9 MB.
System memory in use after: 91,9 MB.

Unloading 12 unused Assets to reduce memory usage. Loaded Objects now: 2582.
Total: 8,504969 ms (FindLiveObjects: 0,584697 ms CreateObjectMapping: 0,135945 ms MarkObjects: 7,524079 ms  DeleteObjects: 0,255148 ms)

========================================================================
Received Prepare
Registering precompiled user dll's ...
Registered in 0,001334 seconds.
Begin MonoManager ReloadAssembly
Native extension for LinuxStandalone target not found
Native extension for WindowsStandalone target not found
Native extension for OSXStandalone target not found
Native extension for WebGL target not found
Refreshing native plugins compatible for Editor in 0,91 ms, found 1 plugins.
Preloading 0 native plugins for Editor in 0,00 ms.
Invoked RoslynAnalysisRunner static constructor.
RoslynAnalysisRunner will not be running.
RoslynAnalysisRunner has terminated.
Mono: successfully reloaded assembly
- Completed reload, in  1,669 seconds
Platform modules already initialized, skipping
Refreshing native plugins compatible for Editor in 0,87 ms, found 1 plugins.
Preloading 0 native plugins for Editor in 0,00 ms.
Unloading 2099 Unused Serialized files (Serialized files now loaded: 0)
System memory in use before: 91,9 MB.
System memory in use after: 91,9 MB.

Unloading 13 unused Assets to reduce memory usage. Loaded Objects now: 2585.
Total: 8,210216 ms (FindLiveObjects: 0,478848 ms CreateObjectMapping: 0,122339 ms MarkObjects: 7,304417 ms  DeleteObjects: 0,299742 ms)

========================================================================
Received Import Request.
  Time since last request: 24,604490 seconds.
  path: Assets/Scripts/ProjectileSpawner.cs
  artifactKey: Guid(0b5679f51e628d819ae57e3dd449c633) Importer(815301076,1909f56bfc062723c751e8b465ee728b)
Start importing Assets/Scripts/ProjectileSpawner.cs using Guid(0b5679f51e628d819ae57e3dd449c633) Importer(815301076,1909f56bfc062723c751e8b465ee728b)  -> (artifact id: '56f46644a1865d6728a21b7ae7f83b47') in 0,011948 seconds
  Import took 0,021426 seconds .

========================================================================
Received Import Request.
  Time since last request: 0,051504 seconds.
  path: Assets/Scripts/ProjectileSpawner.cs
  artifactKey: Guid(0b5679f51e628d819ae57e3dd449c633) Importer(815301076,1909f56bfc062723c751e8b465ee728b)
Start importing Assets/Scripts/ProjectileSpawner.cs using Guid(0b5679f51e628d819ae57e3dd449c633) Importer(815301076,1909f56bfc062723c751e8b465ee728b)  -> (artifact id: '56f46644a1865d6728a21b7ae7f83b47') in 0,001554 seconds
  Import took 0,011296 seconds .

========================================================================
Received Prepare
Registering precompiled user dll's ...
Registered in 0,001325 seconds.
Begin MonoManager ReloadAssembly
Native extension for LinuxStandalone target not found
Native extension for WindowsStandalone target not found
Native extension for OSXStandalone target not found
Native extension for WebGL target not found
Refreshing native plugins compatible for Editor in 0,86 ms, found 1 plugins.
Preloading 0 native plugins for Editor in 0,00 ms.
Invoked RoslynAnalysisRunner static constructor.
RoslynAnalysisRunner will not be running.
RoslynAnalysisRunner has terminated.
Mono: successfully reloaded assembly
- Completed reload, in  1,604 seconds
Platform modules already initialized, skipping
Refreshing native plugins compatible for Editor in 0,90 ms, found 1 plugins.
Preloading 0 native plugins for Editor in 0,00 ms.
Unloading 2100 Unused Serialized files (Serialized files now loaded: 0)
System memory in use before: 91,9 MB.
System memory in use after: 91,9 MB.

Unloading 12 unused Assets to reduce memory usage. Loaded Objects now: 2590.
Total: 9,511606 ms (FindLiveObjects: 0,598843 ms CreateObjectMapping: 0,140604 ms MarkObjects: 8,425039 ms  DeleteObjects: 0,341020 ms)

========================================================================
Received Prepare
Registering precompiled user dll's ...
Registered in 0,001413 seconds.
Begin MonoManager ReloadAssembly
Native extension for LinuxStandalone target not found
Native extension for WindowsStandalone target not found
Native extension for OSXStandalone target not found
Native extension for WebGL target not found
Refreshing native plugins compatible for Editor in 1,43 ms, found 1 plugins.
Preloading 0 native plugins for Editor in 0,00 ms.
Invoked RoslynAnalysisRunner static constructor.
RoslynAnalysisRunner will not be running.
RoslynAnalysisRunner has terminated.
Mono: successfully reloaded assembly
- Completed reload, in  1,744 seconds
Platform modules already initialized, skipping
Refreshing native plugins compatible for Editor in 1,10 ms, found 1 plugins.
Preloading 0 native plugins for Editor in 0,00 ms.
Unloading 2100 Unused Serialized files (Serialized files now loaded: 0)
System memory in use before: 91,9 MB.
System memory in use after: 91,9 MB.

Unloading 12 unused Assets to reduce memory usage. Loaded Objects now: 2594.
Total: 10,420651 ms (FindLiveObjects: 0,766217 ms CreateObjectMapping: 0,170399 ms MarkObjects: 9,161220 ms  DeleteObjects: 0,315652 ms)

========================================================================
Received Import Request.
  Time since last request: 170,452908 seconds.
  path: Assets/Scripts/ProjectileSpawner.cs
  artifactKey: Guid(0b5679f51e628d819ae57e3dd449c633) Importer(815301076,1909f56bfc062723c751e8b465ee728b)
Start importing Assets/Scripts/ProjectileSpawner.cs using Guid(0b5679f51e628d819ae57e3dd449c633) Importer(815301076,1909f56bfc062723c751e8b465ee728b)  -> (artifact id: 'db21c333c9a8a7527128f5fde4e7bedf') in 0,010829 seconds
  Import took 0,020133 seconds .

========================================================================
Received Import Request.
  Time since last request: 13,463170 seconds.
  path: Assets/Resources
  artifactKey: Guid(bc4eafd8e3dc3106fa345eb9e29dcfb0) Importer(815301076,1909f56bfc062723c751e8b465ee728b)
Start importing Assets/Resources using Guid(bc4eafd8e3dc3106fa345eb9e29dcfb0) Importer(815301076,1909f56bfc062723c751e8b465ee728b)  -> (artifact id: 'bde326a81290a2f9b8705a42854b5e0f') in 0,003496 seconds
  Import took 0,015673 seconds .

========================================================================
Received Import Request.
  Time since last request: 6,598796 seconds.
  path: Assets/Resources/Prefabs
  artifactKey: Guid(6156d79e4a2ff99d6bd21445823024d0) Importer(815301076,1909f56bfc062723c751e8b465ee728b)
Start importing Assets/Resources/Prefabs using Guid(6156d79e4a2ff99d6bd21445823024d0) Importer(815301076,1909f56bfc062723c751e8b465ee728b)  -> (artifact id: 'f25e1055faf3ce01e361ec681f717ad7') in 0,002508 seconds
  Import took 0,014805 seconds .

========================================================================
Received Import Request.
  Time since last request: 13,121122 seconds.
  path: Assets/Resources/Prefabs/Projectiles
  artifactKey: Guid(c8e8c98274ff9ae6891e0375673013ce) Importer(815301076,1909f56bfc062723c751e8b465ee728b)
Start importing Assets/Resources/Prefabs/Projectiles using Guid(c8e8c98274ff9ae6891e0375673013ce) Importer(815301076,1909f56bfc062723c751e8b465ee728b)  -> (artifact id: '250e3e336492b82cb1dedb200ad5c463') in 0,003247 seconds
  Import took 0,013618 seconds .

========================================================================
Received Import Request.
  Time since last request: 11,988691 seconds.
  path: Assets/Prefabs/ProjectileEx1 1.prefab
  artifactKey: Guid(259e9c6af1fcd9742b710df771c36c21) Importer(815301076,1909f56bfc062723c751e8b465ee728b)
Start importing Assets/Prefabs/ProjectileEx1 1.prefab using Guid(259e9c6af1fcd9742b710df771c36c21) Importer(815301076,1909f56bfc062723c751e8b465ee728b)  -> (artifact id: '964f0b35e06dbe5d7172a36f81c48d9f') in 0,111830 seconds
  Import took 0,120901 seconds .

========================================================================
Received Import Request.
  Time since last request: 7,437826 seconds.
  path: Assets/Resources/Prefabs/Projectiles/ProjectileEx1.prefab
  artifactKey: Guid(259e9c6af1fcd9742b710df771c36c21) Importer(815301076,1909f56bfc062723c751e8b465ee728b)
Start importing Assets/Resources/Prefabs/Projectiles/ProjectileEx1.prefab using Guid(259e9c6af1fcd9742b710df771c36c21) Importer(815301076,1909f56bfc062723c751e8b465ee728b)  -> (artifact id: '998a7c97164d0bbba45460c99c73db3d') in 0,015306 seconds
  Import took 0,026023 seconds .

========================================================================
Received Prepare
Registering precompiled user dll's ...
Registered in 0,001914 seconds.
Begin MonoManager ReloadAssembly
Native extension for LinuxStandalone target not found
Native extension for WindowsStandalone target not found
Native extension for OSXStandalone target not found
Native extension for WebGL target not found
Refreshing native plugins compatible for Editor in 1,38 ms, found 1 plugins.
Preloading 0 native plugins for Editor in 0,00 ms.
Invoked RoslynAnalysisRunner static constructor.
RoslynAnalysisRunner will not be running.
RoslynAnalysisRunner has terminated.
Mono: successfully reloaded assembly
- Completed reload, in  1,950 seconds
Platform modules already initialized, skipping
Refreshing native plugins compatible for Editor in 0,89 ms, found 1 plugins.
Preloading 0 native plugins for Editor in 0,00 ms.
Unloading 2100 Unused Serialized files (Serialized files now loaded: 0)
System memory in use before: 91,9 MB.
System memory in use after: 92,0 MB.

Unloading 12 unused Assets to reduce memory usage. Loaded Objects now: 2599.
Total: 7,427287 ms (FindLiveObjects: 0,613701 ms CreateObjectMapping: 0,123461 ms MarkObjects: 6,331683 ms  DeleteObjects: 0,350698 ms)

========================================================================
Received Prepare
Registering precompiled user dll's ...
Registered in 0,001351 seconds.
Begin MonoManager ReloadAssembly
Native extension for LinuxStandalone target not found
Native extension for WindowsStandalone target not found
Native extension for OSXStandalone target not found
Native extension for WebGL target not found
Refreshing native plugins compatible for Editor in 0,91 ms, found 1 plugins.
Preloading 0 native plugins for Editor in 0,00 ms.
Invoked RoslynAnalysisRunner static constructor.
RoslynAnalysisRunner will not be running.
RoslynAnalysisRunner has terminated.
Mono: successfully reloaded assembly
- Completed reload, in  1,730 seconds
Platform modules already initialized, skipping
Refreshing native plugins compatible for Editor in 1,17 ms, found 1 plugins.
Preloading 0 native plugins for Editor in 0,00 ms.
Unloading 2100 Unused Serialized files (Serialized files now loaded: 0)
System memory in use before: 92,0 MB.
System memory in use after: 92,0 MB.

Unloading 12 unused Assets to reduce memory usage. Loaded Objects now: 2603.
Total: 9,784989 ms (FindLiveObjects: 0,615755 ms CreateObjectMapping: 0,156774 ms MarkObjects: 8,637166 ms  DeleteObjects: 0,368831 ms)

========================================================================
Received Prepare
Registering precompiled user dll's ...
Registered in 0,001921 seconds.
Begin MonoManager ReloadAssembly
Native extension for LinuxStandalone target not found
Native extension for WindowsStandalone target not found
Native extension for OSXStandalone target not found
Native extension for WebGL target not found
Refreshing native plugins compatible for Editor in 1,20 ms, found 1 plugins.
Preloading 0 native plugins for Editor in 0,00 ms.
Invoked RoslynAnalysisRunner static constructor.
RoslynAnalysisRunner will not be running.
RoslynAnalysisRunner has terminated.
Mono: successfully reloaded assembly
- Completed reload, in  1,853 seconds
Platform modules already initialized, skipping
Refreshing native plugins compatible for Editor in 0,93 ms, found 1 plugins.
Preloading 0 native plugins for Editor in 0,00 ms.
Unloading 2100 Unused Serialized files (Serialized files now loaded: 0)
System memory in use before: 92,0 MB.
System memory in use after: 92,0 MB.

Unloading 12 unused Assets to reduce memory usage. Loaded Objects now: 2607.
Total: 8,924095 ms (FindLiveObjects: 0,556683 ms CreateObjectMapping: 0,150933 ms MarkObjects: 7,789577 ms  DeleteObjects: 0,421331 ms)

========================================================================
Received Import Request.
  Time since last request: 282,084950 seconds.
  path: Assets/Resources/Prefabs/Projectiles/ProjectileEx1.prefab
  artifactKey: Guid(259e9c6af1fcd9742b710df771c36c21) Importer(815301076,1909f56bfc062723c751e8b465ee728b)
Start importing Assets/Resources/Prefabs/Projectiles/ProjectileEx1.prefab using Guid(259e9c6af1fcd9742b710df771c36c21) Importer(815301076,1909f56bfc062723c751e8b465ee728b)  -> (artifact id: '2122b65d3a68f5fe5964425041eb3bfe') in 0,115801 seconds
  Import took 0,124571 seconds .

========================================================================
Received Prepare
Registering precompiled user dll's ...
Registered in 0,001958 seconds.
Begin MonoManager ReloadAssembly
Native extension for LinuxStandalone target not found
Native extension for WindowsStandalone target not found
Native extension for OSXStandalone target not found
Native extension for WebGL target not found
Refreshing native plugins compatible for Editor in 0,96 ms, found 1 plugins.
Preloading 0 native plugins for Editor in 0,00 ms.
Invoked RoslynAnalysisRunner static constructor.
RoslynAnalysisRunner will not be running.
RoslynAnalysisRunner has terminated.
Mono: successfully reloaded assembly
- Completed reload, in  1,814 seconds
Platform modules already initialized, skipping
Refreshing native plugins compatible for Editor in 1,14 ms, found 1 plugins.
Preloading 0 native plugins for Editor in 0,00 ms.
Unloading 2100 Unused Serialized files (Serialized files now loaded: 0)
System memory in use before: 92,0 MB.
System memory in use after: 92,0 MB.

Unloading 12 unused Assets to reduce memory usage. Loaded Objects now: 2612.
Total: 9,232764 ms (FindLiveObjects: 0,590417 ms CreateObjectMapping: 0,137488 ms MarkObjects: 8,140034 ms  DeleteObjects: 0,359124 ms)

========================================================================
Received Import Request.
  Time since last request: 17,594172 seconds.
  path: ProjectSettings/TagManager.asset
  artifactKey: Guid(00000000000000003000000000000000) Importer(815301076,1909f56bfc062723c751e8b465ee728b)
Start importing ProjectSettings/TagManager.asset using Guid(00000000000000003000000000000000) Importer(815301076,1909f56bfc062723c751e8b465ee728b)  -> (artifact id: '779d5949113fa91bb85f64f090860d93') in 0,023701 seconds
  Import took 0,031949 seconds .

========================================================================
Received Import Request.
  Time since last request: 8,006663 seconds.
  path: ProjectSettings/TagManager.asset
  artifactKey: Guid(00000000000000003000000000000000) Importer(815301076,1909f56bfc062723c751e8b465ee728b)
Start importing ProjectSettings/TagManager.asset using Guid(00000000000000003000000000000000) Importer(815301076,1909f56bfc062723c751e8b465ee728b)  -> (artifact id: '5b1790aef084ed3e5509faccf2b8db93') in 0,004783 seconds
  Import took 0,016106 seconds .

========================================================================
Received Import Request.
  Time since last request: 43,748829 seconds.
  path: Assets/Resources/Prefabs/Projectiles/ProjectileEx1.prefab
  artifactKey: Guid(259e9c6af1fcd9742b710df771c36c21) Importer(815301076,1909f56bfc062723c751e8b465ee728b)
Start importing Assets/Resources/Prefabs/Projectiles/ProjectileEx1.prefab using Guid(259e9c6af1fcd9742b710df771c36c21) Importer(815301076,1909f56bfc062723c751e8b465ee728b)  -> (artifact id: '42e404402f9f9da7fdcfe1a29b983f86') in 0,100085 seconds
  Import took 0,109936 seconds .

========================================================================
Received Import Request.
  Time since last request: 20,616819 seconds.
  path: Assets/Resources/Prefabs/Projectiles/ProjectileEx1.prefab
  artifactKey: Guid(259e9c6af1fcd9742b710df771c36c21) Importer(815301076,1909f56bfc062723c751e8b465ee728b)
Start importing Assets/Resources/Prefabs/Projectiles/ProjectileEx1.prefab using Guid(259e9c6af1fcd9742b710df771c36c21) Importer(815301076,1909f56bfc062723c751e8b465ee728b)  -> (artifact id: '3c44b06f56fe595e8fd11321d5acb7d2') in 0,016563 seconds
  Import took 0,027340 seconds .

========================================================================
Received Import Request.
  Time since last request: 6,270562 seconds.
  path: Assets/Resources/Prefabs/Projectiles/ProjectileEx1.prefab
  artifactKey: Guid(259e9c6af1fcd9742b710df771c36c21) Importer(815301076,1909f56bfc062723c751e8b465ee728b)
Start importing Assets/Resources/Prefabs/Projectiles/ProjectileEx1.prefab using Guid(259e9c6af1fcd9742b710df771c36c21) Importer(815301076,1909f56bfc062723c751e8b465ee728b)  -> (artifact id: 'd0a4f6e8321451de8913070d38b1ff58') in 0,015889 seconds
  Import took 0,027208 seconds .

========================================================================
Received Import Request.
  Time since last request: 4,596144 seconds.
  path: Assets/Resources/Prefabs/Projectiles/ProjectileEx1.prefab
  artifactKey: Guid(259e9c6af1fcd9742b710df771c36c21) Importer(815301076,1909f56bfc062723c751e8b465ee728b)
Start importing Assets/Resources/Prefabs/Projectiles/ProjectileEx1.prefab using Guid(259e9c6af1fcd9742b710df771c36c21) Importer(815301076,1909f56bfc062723c751e8b465ee728b)  -> (artifact id: '8f956ad11bc5b9b0c5a9b370fddbf3c2') in 0,016504 seconds
  Import took 0,025858 seconds .

========================================================================
Received Prepare
Registering precompiled user dll's ...
Registered in 0,001777 seconds.
Begin MonoManager ReloadAssembly
Native extension for LinuxStandalone target not found
Native extension for WindowsStandalone target not found
Native extension for OSXStandalone target not found
Native extension for WebGL target not found
Refreshing native plugins compatible for Editor in 0,93 ms, found 1 plugins.
Preloading 0 native plugins for Editor in 0,00 ms.
Invoked RoslynAnalysisRunner static constructor.
RoslynAnalysisRunner will not be running.
RoslynAnalysisRunner has terminated.
Mono: successfully reloaded assembly
- Completed reload, in  1,755 seconds
Platform modules already initialized, skipping
Refreshing native plugins compatible for Editor in 1,37 ms, found 1 plugins.
Preloading 0 native plugins for Editor in 0,00 ms.
Unloading 2100 Unused Serialized files (Serialized files now loaded: 0)
System memory in use before: 92,0 MB.
System memory in use after: 92,0 MB.

Unloading 14 unused Assets to reduce memory usage. Loaded Objects now: 2617.
Total: 9,958053 ms (FindLiveObjects: 0,840015 ms CreateObjectMapping: 0,188013 ms MarkObjects: 8,583946 ms  DeleteObjects: 0,340137 ms)

========================================================================
Received Import Request.
  Time since last request: 57,975113 seconds.
  path: Assets/Resources/Prefabs/Projectiles/ProjectileEx1.prefab
  artifactKey: Guid(259e9c6af1fcd9742b710df771c36c21) Importer(815301076,1909f56bfc062723c751e8b465ee728b)
Start importing Assets/Resources/Prefabs/Projectiles/ProjectileEx1.prefab using Guid(259e9c6af1fcd9742b710df771c36c21) Importer(815301076,1909f56bfc062723c751e8b465ee728b)  -> (artifact id: 'dcf4a805c1c8d8a64c167ec0d31dfe7b') in 0,125113 seconds
  Import took 0,135496 seconds .

========================================================================
Received Import Request.
  Time since last request: 0,001184 seconds.
  path: Assets/Resources/Prefabs/Projectiles/ProjectileEx1.prefab
  artifactKey: Guid(259e9c6af1fcd9742b710df771c36c21) Importer(815301076,1909f56bfc062723c751e8b465ee728b)
Start importing Assets/Resources/Prefabs/Projectiles/ProjectileEx1.prefab using Guid(259e9c6af1fcd9742b710df771c36c21) Importer(815301076,1909f56bfc062723c751e8b465ee728b)  -> (artifact id: 'dcf4a805c1c8d8a64c167ec0d31dfe7b') in 0,014004 seconds
  Import took 0,023355 seconds .

========================================================================
Received Prepare
Registering precompiled user dll's ...
Registered in 0,001321 seconds.
Begin MonoManager ReloadAssembly
Native extension for LinuxStandalone target not found
Native extension for WindowsStandalone target not found
Native extension for OSXStandalone target not found
Native extension for WebGL target not found
Refreshing native plugins compatible for Editor in 1,16 ms, found 1 plugins.
Preloading 0 native plugins for Editor in 0,00 ms.
Invoked RoslynAnalysisRunner static constructor.
RoslynAnalysisRunner will not be running.
RoslynAnalysisRunner has terminated.
Mono: successfully reloaded assembly
- Completed reload, in  1,989 seconds
Platform modules already initialized, skipping
Refreshing native plugins compatible for Editor in 1,25 ms, found 1 plugins.
Preloading 0 native plugins for Editor in 0,00 ms.
Unloading 2100 Unused Serialized files (Serialized files now loaded: 0)
System memory in use before: 92,0 MB.
System memory in use after: 92,0 MB.

Unloading 12 unused Assets to reduce memory usage. Loaded Objects now: 2622.
Total: 11,854700 ms (FindLiveObjects: 0,625242 ms CreateObjectMapping: 0,140113 ms MarkObjects: 10,682411 ms  DeleteObjects: 0,400431 ms)

========================================================================
Received Import Request.
  Time since last request: 17,344315 seconds.
  path: Assets/Resources/Prefabs/Projectiles/ProjectileEx1.prefab
  artifactKey: Guid(259e9c6af1fcd9742b710df771c36c21) Importer(815301076,1909f56bfc062723c751e8b465ee728b)
Start importing Assets/Resources/Prefabs/Projectiles/ProjectileEx1.prefab using Guid(259e9c6af1fcd9742b710df771c36c21) Importer(815301076,1909f56bfc062723c751e8b465ee728b)  -> (artifact id: '8b94f18d806e3b5ab40df85a1ab4abe7') in 0,125598 seconds
  Import took 0,138361 seconds .

========================================================================
Received Import Request.
  Time since last request: 0,330495 seconds.
  path: Assets/Resources/Prefabs/Projectiles/ProjectileEx1.prefab
  artifactKey: Guid(259e9c6af1fcd9742b710df771c36c21) Importer(815301076,1909f56bfc062723c751e8b465ee728b)
Start importing Assets/Resources/Prefabs/Projectiles/ProjectileEx1.prefab using Guid(259e9c6af1fcd9742b710df771c36c21) Importer(815301076,1909f56bfc062723c751e8b465ee728b)  -> (artifact id: 'a34774c85674db3bf47b2d47ecefc46f') in 0,018829 seconds
  Import took 0,029464 seconds .

========================================================================
Received Import Request.
  Time since last request: 21,651976 seconds.
  path: ProjectSettings/TagManager.asset
  artifactKey: Guid(00000000000000003000000000000000) Importer(815301076,1909f56bfc062723c751e8b465ee728b)
Start importing ProjectSettings/TagManager.asset using Guid(00000000000000003000000000000000) Importer(815301076,1909f56bfc062723c751e8b465ee728b)  -> (artifact id: '182f395478ff18e521320a4c7ae7f0c3') in 0,002613 seconds
  Import took 0,012789 seconds .

========================================================================
Received Import Request.
  Time since last request: 0,009858 seconds.
  path: ProjectSettings/TagManager.asset
  artifactKey: Guid(00000000000000003000000000000000) Importer(815301076,1909f56bfc062723c751e8b465ee728b)
Start importing ProjectSettings/TagManager.asset using Guid(00000000000000003000000000000000) Importer(815301076,1909f56bfc062723c751e8b465ee728b)  -> (artifact id: '182f395478ff18e521320a4c7ae7f0c3') in 0,002761 seconds
  Import took 0,013437 seconds .

========================================================================
Received Import Request.
  Time since last request: 5,907734 seconds.
  path: ProjectSettings/TagManager.asset
  artifactKey: Guid(00000000000000003000000000000000) Importer(815301076,1909f56bfc062723c751e8b465ee728b)
Start importing ProjectSettings/TagManager.asset using Guid(00000000000000003000000000000000) Importer(815301076,1909f56bfc062723c751e8b465ee728b)  -> (artifact id: 'b424692f154312521ab6aea1be86fe2c') in 0,003762 seconds
  Import took 0,015050 seconds .

========================================================================
Received Prepare
Registering precompiled user dll's ...
Registered in 0,001920 seconds.
Begin MonoManager ReloadAssembly
Native extension for LinuxStandalone target not found
Native extension for WindowsStandalone target not found
Native extension for OSXStandalone target not found
Native extension for WebGL target not found
Refreshing native plugins compatible for Editor in 1,21 ms, found 1 plugins.
Preloading 0 native plugins for Editor in 0,00 ms.
Invoked RoslynAnalysisRunner static constructor.
RoslynAnalysisRunner will not be running.
RoslynAnalysisRunner has terminated.
Mono: successfully reloaded assembly
- Completed reload, in  1,770 seconds
Platform modules already initialized, skipping
Refreshing native plugins compatible for Editor in 1,00 ms, found 1 plugins.
Preloading 0 native plugins for Editor in 0,00 ms.
Unloading 2100 Unused Serialized files (Serialized files now loaded: 0)
System memory in use before: 92,0 MB.
System memory in use after: 92,0 MB.

Unloading 15 unused Assets to reduce memory usage. Loaded Objects now: 2627.
Total: 10,374995 ms (FindLiveObjects: 0,609152 ms CreateObjectMapping: 0,230863 ms MarkObjects: 9,148145 ms  DeleteObjects: 0,379381 ms)

========================================================================
Received Import Request.
  Time since last request: 50,037408 seconds.
  path: ProjectSettings/TagManager.asset
  artifactKey: Guid(00000000000000003000000000000000) Importer(815301076,1909f56bfc062723c751e8b465ee728b)
Start importing ProjectSettings/TagManager.asset using Guid(00000000000000003000000000000000) Importer(815301076,1909f56bfc062723c751e8b465ee728b)  -> (artifact id: 'f95c06baa471dfbfed7cc02f74fe97cb') in 0,026706 seconds
  Import took 0,034732 seconds .

========================================================================
Received Import Request.
  Time since last request: 6,083467 seconds.
  path: Assets/Resources/Prefabs/Projectiles/ProjectileEx1.prefab
  artifactKey: Guid(259e9c6af1fcd9742b710df771c36c21) Importer(815301076,1909f56bfc062723c751e8b465ee728b)
Start importing Assets/Resources/Prefabs/Projectiles/ProjectileEx1.prefab using Guid(259e9c6af1fcd9742b710df771c36c21) Importer(815301076,1909f56bfc062723c751e8b465ee728b)  -> (artifact id: '1cfd14118a360a7c444e25948fa85045') in 0,097961 seconds
  Import took 0,108866 seconds .

========================================================================
Received Prepare
Registering precompiled user dll's ...
Registered in 0,002025 seconds.
Begin MonoManager ReloadAssembly
Native extension for LinuxStandalone target not found
Native extension for WindowsStandalone target not found
Native extension for OSXStandalone target not found
Native extension for WebGL target not found
Refreshing native plugins compatible for Editor in 0,94 ms, found 1 plugins.
Preloading 0 native plugins for Editor in 0,00 ms.
Invoked RoslynAnalysisRunner static constructor.
RoslynAnalysisRunner will not be running.
RoslynAnalysisRunner has terminated.
Mono: successfully reloaded assembly
- Completed reload, in  1,685 seconds
Platform modules already initialized, skipping
Refreshing native plugins compatible for Editor in 1,15 ms, found 1 plugins.
Preloading 0 native plugins for Editor in 0,00 ms.
Unloading 2100 Unused Serialized files (Serialized files now loaded: 0)
System memory in use before: 92,0 MB.
System memory in use after: 92,1 MB.

Unloading 13 unused Assets to reduce memory usage. Loaded Objects now: 2632.
Total: 10,182314 ms (FindLiveObjects: 0,690925 ms CreateObjectMapping: 0,247584 ms MarkObjects: 8,837092 ms  DeleteObjects: 0,399990 ms)

========================================================================
Received Prepare
Registering precompiled user dll's ...
Registered in 0,001458 seconds.
Begin MonoManager ReloadAssembly
Native extension for LinuxStandalone target not found
Native extension for WindowsStandalone target not found
Native extension for OSXStandalone target not found
Native extension for WebGL target not found
Refreshing native plugins compatible for Editor in 1,07 ms, found 1 plugins.
Preloading 0 native plugins for Editor in 0,00 ms.
Invoked RoslynAnalysisRunner static constructor.
RoslynAnalysisRunner will not be running.
RoslynAnalysisRunner has terminated.
Mono: successfully reloaded assembly
- Completed reload, in  1,803 seconds
Platform modules already initialized, skipping
Refreshing native plugins compatible for Editor in 1,23 ms, found 1 plugins.
Preloading 0 native plugins for Editor in 0,00 ms.
Unloading 2100 Unused Serialized files (Serialized files now loaded: 0)
System memory in use before: 92,1 MB.
System memory in use after: 92,1 MB.

Unloading 12 unused Assets to reduce memory usage. Loaded Objects now: 2636.
Total: 8,681720 ms (FindLiveObjects: 0,675346 ms CreateObjectMapping: 0,179697 ms MarkObjects: 7,527866 ms  DeleteObjects: 0,292148 ms)

========================================================================
Received Prepare
Registering precompiled user dll's ...
Registered in 0,001933 seconds.
Begin MonoManager ReloadAssembly
Native extension for LinuxStandalone target not found
Native extension for WindowsStandalone target not found
Native extension for OSXStandalone target not found
Native extension for WebGL target not found
Refreshing native plugins compatible for Editor in 0,91 ms, found 1 plugins.
Preloading 0 native plugins for Editor in 0,00 ms.
Invoked RoslynAnalysisRunner static constructor.
RoslynAnalysisRunner will not be running.
RoslynAnalysisRunner has terminated.
Mono: successfully reloaded assembly
- Completed reload, in  1,778 seconds
Platform modules already initialized, skipping
Refreshing native plugins compatible for Editor in 0,86 ms, found 1 plugins.
Preloading 0 native plugins for Editor in 0,00 ms.
Unloading 2100 Unused Serialized files (Serialized files now loaded: 0)
System memory in use before: 92,1 MB.
System memory in use after: 92,1 MB.

Unloading 12 unused Assets to reduce memory usage. Loaded Objects now: 2640.
Total: 11,491199 ms (FindLiveObjects: 0,576351 ms CreateObjectMapping: 0,161633 ms MarkObjects: 10,344408 ms  DeleteObjects: 0,402655 ms)

========================================================================
Received Prepare
Registering precompiled user dll's ...
Registered in 0,002109 seconds.
Begin MonoManager ReloadAssembly
Native extension for LinuxStandalone target not found
Native extension for WindowsStandalone target not found
Native extension for OSXStandalone target not found
Native extension for WebGL target not found
Refreshing native plugins compatible for Editor in 1,40 ms, found 1 plugins.
Preloading 0 native plugins for Editor in 0,00 ms.
Invoked RoslynAnalysisRunner static constructor.
RoslynAnalysisRunner will not be running.
RoslynAnalysisRunner has terminated.
Mono: successfully reloaded assembly
- Completed reload, in  1,775 seconds
Platform modules already initialized, skipping
Refreshing native plugins compatible for Editor in 0,90 ms, found 1 plugins.
Preloading 0 native plugins for Editor in 0,00 ms.
Unloading 2100 Unused Serialized files (Serialized files now loaded: 0)
System memory in use before: 92,1 MB.
System memory in use after: 92,1 MB.

Unloading 12 unused Assets to reduce memory usage. Loaded Objects now: 2644.
Total: 10,154061 ms (FindLiveObjects: 0,680006 ms CreateObjectMapping: 0,141476 ms MarkObjects: 8,923623 ms  DeleteObjects: 0,402605 ms)

========================================================================
Received Prepare
Registering precompiled user dll's ...
Registered in 0,001700 seconds.
Begin MonoManager ReloadAssembly
Native extension for LinuxStandalone target not found
Native extension for WindowsStandalone target not found
Native extension for OSXStandalone target not found
Native extension for WebGL target not found
Refreshing native plugins compatible for Editor in 1,25 ms, found 1 plugins.
Preloading 0 native plugins for Editor in 0,00 ms.
Invoked RoslynAnalysisRunner static constructor.
RoslynAnalysisRunner will not be running.
RoslynAnalysisRunner has terminated.
Mono: successfully reloaded assembly
- Completed reload, in  1,913 seconds
Platform modules already initialized, skipping
Refreshing native plugins compatible for Editor in 1,09 ms, found 1 plugins.
Preloading 0 native plugins for Editor in 0,00 ms.
Unloading 2100 Unused Serialized files (Serialized files now loaded: 0)
System memory in use before: 92,1 MB.
System memory in use after: 92,1 MB.

Unloading 12 unused Assets to reduce memory usage. Loaded Objects now: 2648.
Total: 10,800353 ms (FindLiveObjects: 0,861685 ms CreateObjectMapping: 0,207509 ms MarkObjects: 9,197818 ms  DeleteObjects: 0,526497 ms)

========================================================================
Received Prepare
Registering precompiled user dll's ...
Registered in 0,001310 seconds.
Begin MonoManager ReloadAssembly
Native extension for LinuxStandalone target not found
Native extension for WindowsStandalone target not found
Native extension for OSXStandalone target not found
Native extension for WebGL target not found
Refreshing native plugins compatible for Editor in 0,92 ms, found 1 plugins.
Preloading 0 native plugins for Editor in 0,00 ms.
Invoked RoslynAnalysisRunner static constructor.
RoslynAnalysisRunner will not be running.
RoslynAnalysisRunner has terminated.
Mono: successfully reloaded assembly
- Completed reload, in  1,854 seconds
Platform modules already initialized, skipping
Refreshing native plugins compatible for Editor in 1,28 ms, found 1 plugins.
Preloading 0 native plugins for Editor in 0,00 ms.
Unloading 2100 Unused Serialized files (Serialized files now loaded: 0)
System memory in use before: 92,1 MB.
System memory in use after: 92,1 MB.

Unloading 12 unused Assets to reduce memory usage. Loaded Objects now: 2652.
Total: 11,889015 ms (FindLiveObjects: 0,785683 ms CreateObjectMapping: 0,194465 ms MarkObjects: 10,518124 ms  DeleteObjects: 0,383399 ms)

========================================================================
Received Prepare
Registering precompiled user dll's ...
Registered in 0,001413 seconds.
Begin MonoManager ReloadAssembly
Native extension for LinuxStandalone target not found
Native extension for WindowsStandalone target not found
Native extension for OSXStandalone target not found
Native extension for WebGL target not found
Refreshing native plugins compatible for Editor in 0,91 ms, found 1 plugins.
Preloading 0 native plugins for Editor in 0,00 ms.
Invoked RoslynAnalysisRunner static constructor.
RoslynAnalysisRunner will not be running.
RoslynAnalysisRunner has terminated.
Mono: successfully reloaded assembly
- Completed reload, in  1,780 seconds
Platform modules already initialized, skipping
Refreshing native plugins compatible for Editor in 0,86 ms, found 1 plugins.
Preloading 0 native plugins for Editor in 0,00 ms.
Unloading 2100 Unused Serialized files (Serialized files now loaded: 0)
System memory in use before: 92,1 MB.
System memory in use after: 92,1 MB.

Unloading 12 unused Assets to reduce memory usage. Loaded Objects now: 2656.
Total: 10,913505 ms (FindLiveObjects: 0,821751 ms CreateObjectMapping: 0,169528 ms MarkObjects: 9,509091 ms  DeleteObjects: 0,406943 ms)

========================================================================
Received Prepare
Registering precompiled user dll's ...
Registered in 0,001763 seconds.
Begin MonoManager ReloadAssembly
Native extension for LinuxStandalone target not found
Native extension for WindowsStandalone target not found
Native extension for OSXStandalone target not found
Native extension for WebGL target not found
Refreshing native plugins compatible for Editor in 0,92 ms, found 1 plugins.
Preloading 0 native plugins for Editor in 0,00 ms.
Invoked RoslynAnalysisRunner static constructor.
RoslynAnalysisRunner will not be running.
RoslynAnalysisRunner has terminated.
Mono: successfully reloaded assembly
- Completed reload, in  1,703 seconds
Platform modules already initialized, skipping
Refreshing native plugins compatible for Editor in 0,92 ms, found 1 plugins.
Preloading 0 native plugins for Editor in 0,00 ms.
Unloading 2100 Unused Serialized files (Serialized files now loaded: 0)
System memory in use before: 92,1 MB.
System memory in use after: 92,1 MB.

Unloading 12 unused Assets to reduce memory usage. Loaded Objects now: 2660.
Total: 9,937765 ms (FindLiveObjects: 0,670297 ms CreateObjectMapping: 0,187121 ms MarkObjects: 8,698702 ms  DeleteObjects: 0,374733 ms)

========================================================================
Received Prepare
Registering precompiled user dll's ...
Registered in 0,001468 seconds.
Begin MonoManager ReloadAssembly
Native extension for LinuxStandalone target not found
Native extension for WindowsStandalone target not found
Native extension for OSXStandalone target not found
Native extension for WebGL target not found
Refreshing native plugins compatible for Editor in 1,19 ms, found 1 plugins.
Preloading 0 native plugins for Editor in 0,00 ms.
Invoked RoslynAnalysisRunner static constructor.
RoslynAnalysisRunner will not be running.
RoslynAnalysisRunner has terminated.
Mono: successfully reloaded assembly
- Completed reload, in  1,988 seconds
Platform modules already initialized, skipping
Refreshing native plugins compatible for Editor in 1,61 ms, found 1 plugins.
Preloading 0 native plugins for Editor in 0,00 ms.
Unloading 2100 Unused Serialized files (Serialized files now loaded: 0)
System memory in use before: 92,1 MB.
System memory in use after: 92,1 MB.

Unloading 12 unused Assets to reduce memory usage. Loaded Objects now: 2664.
Total: 10,986693 ms (FindLiveObjects: 0,775915 ms CreateObjectMapping: 0,404649 ms MarkObjects: 9,461533 ms  DeleteObjects: 0,338104 ms)

========================================================================
Received Prepare
Registering precompiled user dll's ...
Registered in 0,001943 seconds.
Begin MonoManager ReloadAssembly
Native extension for LinuxStandalone target not found
Native extension for WindowsStandalone target not found
Native extension for OSXStandalone target not found
Native extension for WebGL target not found
Refreshing native plugins compatible for Editor in 1,17 ms, found 1 plugins.
Preloading 0 native plugins for Editor in 0,00 ms.
Invoked RoslynAnalysisRunner static constructor.
RoslynAnalysisRunner will not be running.
RoslynAnalysisRunner has terminated.
Mono: successfully reloaded assembly
- Completed reload, in  1,772 seconds
Platform modules already initialized, skipping
Refreshing native plugins compatible for Editor in 1,41 ms, found 1 plugins.
Preloading 0 native plugins for Editor in 0,00 ms.
Unloading 2100 Unused Serialized files (Serialized files now loaded: 0)
System memory in use before: 92,1 MB.
System memory in use after: 92,1 MB.

Unloading 12 unused Assets to reduce memory usage. Loaded Objects now: 2668.
Total: 9,621944 ms (FindLiveObjects: 0,702438 ms CreateObjectMapping: 0,157395 ms MarkObjects: 8,374474 ms  DeleteObjects: 0,381355 ms)

========================================================================
Received Prepare
Registering precompiled user dll's ...
Registered in 0,001696 seconds.
Begin MonoManager ReloadAssembly
Native extension for LinuxStandalone target not found
Native extension for WindowsStandalone target not found
Native extension for OSXStandalone target not found
Native extension for WebGL target not found
Refreshing native plugins compatible for Editor in 1,29 ms, found 1 plugins.
Preloading 0 native plugins for Editor in 0,00 ms.
Invoked RoslynAnalysisRunner static constructor.
RoslynAnalysisRunner will not be running.
RoslynAnalysisRunner has terminated.
Mono: successfully reloaded assembly
- Completed reload, in  1,845 seconds
Platform modules already initialized, skipping
Refreshing native plugins compatible for Editor in 1,33 ms, found 1 plugins.
Preloading 0 native plugins for Editor in 0,00 ms.
Unloading 2100 Unused Serialized files (Serialized files now loaded: 0)
System memory in use before: 92,1 MB.
System memory in use after: 92,1 MB.

Unloading 12 unused Assets to reduce memory usage. Loaded Objects now: 2672.
Total: 10,167957 ms (FindLiveObjects: 0,774583 ms CreateObjectMapping: 0,209813 ms MarkObjects: 8,794201 ms  DeleteObjects: 0,383379 ms)

========================================================================
Received Import Request.
  Time since last request: 780,414429 seconds.
  path: Assets/Resources/Prefabs/Projectiles/ProjectileEx1.prefab
  artifactKey: Guid(259e9c6af1fcd9742b710df771c36c21) Importer(815301076,1909f56bfc062723c751e8b465ee728b)
Start importing Assets/Resources/Prefabs/Projectiles/ProjectileEx1.prefab using Guid(259e9c6af1fcd9742b710df771c36c21) Importer(815301076,1909f56bfc062723c751e8b465ee728b)  -> (artifact id: '1eb4acb8f92be6eda2474fcda6a3d433') in 0,141977 seconds
  Import took 0,151751 seconds .

========================================================================
Received Import Request.
  Time since last request: 0,016415 seconds.
  path: Assets/Resources/Prefabs/Projectiles/ProjectileEx1.prefab
  artifactKey: Guid(259e9c6af1fcd9742b710df771c36c21) Importer(815301076,1909f56bfc062723c751e8b465ee728b)
Start importing Assets/Resources/Prefabs/Projectiles/ProjectileEx1.prefab using Guid(259e9c6af1fcd9742b710df771c36c21) Importer(815301076,1909f56bfc062723c751e8b465ee728b)  -> (artifact id: '1eb4acb8f92be6eda2474fcda6a3d433') in 0,016090 seconds
  Import took 0,026055 seconds .

========================================================================
Received Import Request.
  Time since last request: 27,059982 seconds.
  path: Assets/Resources/Prefabs/Projectiles/ProjectileEx1.prefab
  artifactKey: Guid(259e9c6af1fcd9742b710df771c36c21) Importer(815301076,1909f56bfc062723c751e8b465ee728b)
Start importing Assets/Resources/Prefabs/Projectiles/ProjectileEx1.prefab using Guid(259e9c6af1fcd9742b710df771c36c21) Importer(815301076,1909f56bfc062723c751e8b465ee728b)  -> (artifact id: 'bbbbd4457d7c7a596eecd984e809a8a9') in 0,015639 seconds
  Import took 0,025697 seconds .

========================================================================
Received Import Request.
  Time since last request: 0,035474 seconds.
  path: Assets/Resources/Prefabs/Projectiles/ProjectileEx1.prefab
  artifactKey: Guid(259e9c6af1fcd9742b710df771c36c21) Importer(815301076,1909f56bfc062723c751e8b465ee728b)
Start importing Assets/Resources/Prefabs/Projectiles/ProjectileEx1.prefab using Guid(259e9c6af1fcd9742b710df771c36c21) Importer(815301076,1909f56bfc062723c751e8b465ee728b)  -> (artifact id: 'bbbbd4457d7c7a596eecd984e809a8a9') in 0,014935 seconds
  Import took 0,027634 seconds .

========================================================================
Received Import Request.
  Time since last request: 4,222064 seconds.
  path: Assets/Resources/Prefabs/Projectiles/ProjectileEx1.prefab
  artifactKey: Guid(259e9c6af1fcd9742b710df771c36c21) Importer(815301076,1909f56bfc062723c751e8b465ee728b)
Start importing Assets/Resources/Prefabs/Projectiles/ProjectileEx1.prefab using Guid(259e9c6af1fcd9742b710df771c36c21) Importer(815301076,1909f56bfc062723c751e8b465ee728b)  -> (artifact id: 'c69c4d3d13ecfbc16a4bc8b2fd4dd3a3') in 0,016409 seconds
  Import took 0,027095 seconds .

========================================================================
Received Import Request.
  Time since last request: 2,866864 seconds.
  path: Assets/Resources/Prefabs/Projectiles/ProjectileEx1.prefab
  artifactKey: Guid(259e9c6af1fcd9742b710df771c36c21) Importer(815301076,1909f56bfc062723c751e8b465ee728b)
Start importing Assets/Resources/Prefabs/Projectiles/ProjectileEx1.prefab using Guid(259e9c6af1fcd9742b710df771c36c21) Importer(815301076,1909f56bfc062723c751e8b465ee728b)  -> (artifact id: 'd023d242dc1eb8db720ebce808ae5411') in 0,017249 seconds
  Import took 0,028120 seconds .

========================================================================
Received Import Request.
  Time since last request: 3,208711 seconds.
  path: Assets/Resources/Prefabs/Projectiles/ProjectileEx1.prefab
  artifactKey: Guid(259e9c6af1fcd9742b710df771c36c21) Importer(815301076,1909f56bfc062723c751e8b465ee728b)
Start importing Assets/Resources/Prefabs/Projectiles/ProjectileEx1.prefab using Guid(259e9c6af1fcd9742b710df771c36c21) Importer(815301076,1909f56bfc062723c751e8b465ee728b)  -> (artifact id: '44b69306f634f200ca8ee23c2f890420') in 0,014219 seconds
  Import took 0,025329 seconds .

========================================================================
Received Import Request.
  Time since last request: 0,052260 seconds.
  path: Assets/Resources/Prefabs/Projectiles/ProjectileEx1.prefab
  artifactKey: Guid(259e9c6af1fcd9742b710df771c36c21) Importer(815301076,1909f56bfc062723c751e8b465ee728b)
Start importing Assets/Resources/Prefabs/Projectiles/ProjectileEx1.prefab using Guid(259e9c6af1fcd9742b710df771c36c21) Importer(815301076,1909f56bfc062723c751e8b465ee728b)  -> (artifact id: '44b69306f634f200ca8ee23c2f890420') in 0,016866 seconds
  Import took 0,026774 seconds .

========================================================================
Received Import Request.
  Time since last request: 7,937030 seconds.
  path: Assets/Resources/Prefabs/Projectiles/ProjectileEx1.prefab
  artifactKey: Guid(259e9c6af1fcd9742b710df771c36c21) Importer(815301076,1909f56bfc062723c751e8b465ee728b)
Start importing Assets/Resources/Prefabs/Projectiles/ProjectileEx1.prefab using Guid(259e9c6af1fcd9742b710df771c36c21) Importer(815301076,1909f56bfc062723c751e8b465ee728b)  -> (artifact id: '30801077bcfa6ed6e3ae0b144eabcd8f') in 0,015598 seconds
  Import took 0,026496 seconds .

========================================================================
Received Import Request.
  Time since last request: 5,093854 seconds.
  path: Assets/Resources/Prefabs/Projectiles/ProjectileEx1.prefab
  artifactKey: Guid(259e9c6af1fcd9742b710df771c36c21) Importer(815301076,1909f56bfc062723c751e8b465ee728b)
Start importing Assets/Resources/Prefabs/Projectiles/ProjectileEx1.prefab using Guid(259e9c6af1fcd9742b710df771c36c21) Importer(815301076,1909f56bfc062723c751e8b465ee728b)  -> (artifact id: 'f581ee30eefb0c0468421257afd429d9') in 0,016285 seconds
  Import took 0,029554 seconds .

========================================================================
Received Import Request.
  Time since last request: 4,377634 seconds.
  path: Assets/Resources/Prefabs/Projectiles/ProjectileEx1.prefab
  artifactKey: Guid(259e9c6af1fcd9742b710df771c36c21) Importer(815301076,1909f56bfc062723c751e8b465ee728b)
Start importing Assets/Resources/Prefabs/Projectiles/ProjectileEx1.prefab using Guid(259e9c6af1fcd9742b710df771c36c21) Importer(815301076,1909f56bfc062723c751e8b465ee728b)  -> (artifact id: 'ecfeda224a762e75680d759756986130') in 0,015646 seconds
  Import took 0,026727 seconds .

========================================================================
Received Import Request.
  Time since last request: 5,315477 seconds.
  path: Assets/Resources/Prefabs/Projectiles/ProjectileEx1.prefab
  artifactKey: Guid(259e9c6af1fcd9742b710df771c36c21) Importer(815301076,1909f56bfc062723c751e8b465ee728b)
Start importing Assets/Resources/Prefabs/Projectiles/ProjectileEx1.prefab using Guid(259e9c6af1fcd9742b710df771c36c21) Importer(815301076,1909f56bfc062723c751e8b465ee728b)  -> (artifact id: '4c0106c98db55f87bec3c6a7b0fda6fa') in 0,015767 seconds
  Import took 0,027105 seconds .

========================================================================
Received Prepare
Registering precompiled user dll's ...
Registered in 0,001328 seconds.
Begin MonoManager ReloadAssembly
Native extension for LinuxStandalone target not found
Native extension for WindowsStandalone target not found
Native extension for OSXStandalone target not found
Native extension for WebGL target not found
Refreshing native plugins compatible for Editor in 0,87 ms, found 1 plugins.
Preloading 0 native plugins for Editor in 0,00 ms.
Invoked RoslynAnalysisRunner static constructor.
RoslynAnalysisRunner will not be running.
RoslynAnalysisRunner has terminated.
Mono: successfully reloaded assembly
- Completed reload, in  1,848 seconds
Platform modules already initialized, skipping
Refreshing native plugins compatible for Editor in 0,99 ms, found 1 plugins.
Preloading 0 native plugins for Editor in 0,00 ms.
Unloading 2102 Unused Serialized files (Serialized files now loaded: 0)
System memory in use before: 92,3 MB.
System memory in use after: 92,3 MB.

Unloading 12 unused Assets to reduce memory usage. Loaded Objects now: 2679.
Total: 9,880758 ms (FindLiveObjects: 0,625624 ms CreateObjectMapping: 0,262683 ms MarkObjects: 8,706917 ms  DeleteObjects: 0,279444 ms)

========================================================================
Received Prepare
Registering precompiled user dll's ...
Registered in 0,001835 seconds.
Begin MonoManager ReloadAssembly
Native extension for LinuxStandalone target not found
Native extension for WindowsStandalone target not found
Native extension for OSXStandalone target not found
Native extension for WebGL target not found
Refreshing native plugins compatible for Editor in 1,31 ms, found 1 plugins.
Preloading 0 native plugins for Editor in 0,00 ms.
Invoked RoslynAnalysisRunner static constructor.
RoslynAnalysisRunner will not be running.
RoslynAnalysisRunner has terminated.
Mono: successfully reloaded assembly
- Completed reload, in  1,812 seconds
Platform modules already initialized, skipping
Refreshing native plugins compatible for Editor in 1,36 ms, found 1 plugins.
Preloading 0 native plugins for Editor in 0,00 ms.
Unloading 2102 Unused Serialized files (Serialized files now loaded: 0)
System memory in use before: 92,3 MB.
System memory in use after: 92,3 MB.

Unloading 12 unused Assets to reduce memory usage. Loaded Objects now: 2683.
Total: 11,706242 ms (FindLiveObjects: 1,031394 ms CreateObjectMapping: 0,628017 ms MarkObjects: 9,681144 ms  DeleteObjects: 0,350407 ms)

========================================================================
Received Import Request.
  Time since last request: 162,628157 seconds.
  path: Assets/Resources/Prefabs/Projectiles/ProjectileEx1.prefab
  artifactKey: Guid(259e9c6af1fcd9742b710df771c36c21) Importer(815301076,1909f56bfc062723c751e8b465ee728b)
Start importing Assets/Resources/Prefabs/Projectiles/ProjectileEx1.prefab using Guid(259e9c6af1fcd9742b710df771c36c21) Importer(815301076,1909f56bfc062723c751e8b465ee728b)  -> (artifact id: 'cdba870f4663dae380de572f7daae2f0') in 0,134105 seconds
  Import took 0,144150 seconds .

========================================================================
Received Prepare
Registering precompiled user dll's ...
Registered in 0,001807 seconds.
Begin MonoManager ReloadAssembly
Native extension for LinuxStandalone target not found
Native extension for WindowsStandalone target not found
Native extension for OSXStandalone target not found
Native extension for WebGL target not found
Refreshing native plugins compatible for Editor in 1,16 ms, found 1 plugins.
Preloading 0 native plugins for Editor in 0,00 ms.
Invoked RoslynAnalysisRunner static constructor.
RoslynAnalysisRunner will not be running.
RoslynAnalysisRunner has terminated.
Mono: successfully reloaded assembly
- Completed reload, in  1,825 seconds
Platform modules already initialized, skipping
Refreshing native plugins compatible for Editor in 1,23 ms, found 1 plugins.
Preloading 0 native plugins for Editor in 0,00 ms.
Unloading 2102 Unused Serialized files (Serialized files now loaded: 0)
System memory in use before: 92,3 MB.
System memory in use after: 92,3 MB.

Unloading 12 unused Assets to reduce memory usage. Loaded Objects now: 2688.
Total: 11,094725 ms (FindLiveObjects: 0,739376 ms CreateObjectMapping: 0,409908 ms MarkObjects: 9,477012 ms  DeleteObjects: 0,462388 ms)

========================================================================
Received Import Request.
  Time since last request: 92,085747 seconds.
  path: Assets/Resources/Prefabs/Projectiles/ProjectileEx1.prefab
  artifactKey: Guid(259e9c6af1fcd9742b710df771c36c21) Importer(815301076,1909f56bfc062723c751e8b465ee728b)
Start importing Assets/Resources/Prefabs/Projectiles/ProjectileEx1.prefab using Guid(259e9c6af1fcd9742b710df771c36c21) Importer(815301076,1909f56bfc062723c751e8b465ee728b)  -> (artifact id: '95abd765c15c39316d0a90fa39b5e352') in 0,153081 seconds
  Import took 0,166022 seconds .

========================================================================
Received Import Request.
  Time since last request: 0,021334 seconds.
  path: Assets/Resources/Prefabs/Projectiles/ProjectileEx1.prefab
  artifactKey: Guid(259e9c6af1fcd9742b710df771c36c21) Importer(815301076,1909f56bfc062723c751e8b465ee728b)
Start importing Assets/Resources/Prefabs/Projectiles/ProjectileEx1.prefab using Guid(259e9c6af1fcd9742b710df771c36c21) Importer(815301076,1909f56bfc062723c751e8b465ee728b)  -> (artifact id: '95abd765c15c39316d0a90fa39b5e352') in 0,018084 seconds
  Import took 0,029509 seconds .

========================================================================
Received Prepare
Registering precompiled user dll's ...
Registered in 0,001306 seconds.
Begin MonoManager ReloadAssembly
Native extension for LinuxStandalone target not found
Native extension for WindowsStandalone target not found
Native extension for OSXStandalone target not found
Native extension for WebGL target not found
Refreshing native plugins compatible for Editor in 1,41 ms, found 1 plugins.
Preloading 0 native plugins for Editor in 0,00 ms.
Invoked RoslynAnalysisRunner static constructor.
RoslynAnalysisRunner will not be running.
RoslynAnalysisRunner has terminated.
Mono: successfully reloaded assembly
- Completed reload, in  1,755 seconds
Platform modules already initialized, skipping
Refreshing native plugins compatible for Editor in 1,31 ms, found 1 plugins.
Preloading 0 native plugins for Editor in 0,00 ms.
Unloading 2102 Unused Serialized files (Serialized files now loaded: 0)
System memory in use before: 92,3 MB.
System memory in use after: 92,3 MB.

Unloading 12 unused Assets to reduce memory usage. Loaded Objects now: 2693.
Total: 11,624649 ms (FindLiveObjects: 0,633177 ms CreateObjectMapping: 0,140814 ms MarkObjects: 10,565362 ms  DeleteObjects: 0,278943 ms)

========================================================================
Received Prepare
Registering precompiled user dll's ...
Registered in 0,001342 seconds.
Begin MonoManager ReloadAssembly
Native extension for LinuxStandalone target not found
Native extension for WindowsStandalone target not found
Native extension for OSXStandalone target not found
Native extension for WebGL target not found
Refreshing native plugins compatible for Editor in 1,41 ms, found 1 plugins.
Preloading 0 native plugins for Editor in 0,00 ms.
Invoked RoslynAnalysisRunner static constructor.
RoslynAnalysisRunner will not be running.
RoslynAnalysisRunner has terminated.
Mono: successfully reloaded assembly
- Completed reload, in  1,773 seconds
Platform modules already initialized, skipping
Refreshing native plugins compatible for Editor in 0,85 ms, found 1 plugins.
Preloading 0 native plugins for Editor in 0,00 ms.
Unloading 2102 Unused Serialized files (Serialized files now loaded: 0)
System memory in use before: 92,3 MB.
System memory in use after: 92,3 MB.

Unloading 12 unused Assets to reduce memory usage. Loaded Objects now: 2697.
Total: 10,420460 ms (FindLiveObjects: 0,625403 ms CreateObjectMapping: 0,138850 ms MarkObjects: 9,211664 ms  DeleteObjects: 0,438282 ms)

========================================================================
Received Prepare
Registering precompiled user dll's ...
Registered in 0,001829 seconds.
Begin MonoManager ReloadAssembly
Native extension for LinuxStandalone target not found
Native extension for WindowsStandalone target not found
Native extension for OSXStandalone target not found
Native extension for WebGL target not found
Refreshing native plugins compatible for Editor in 1,18 ms, found 1 plugins.
Preloading 0 native plugins for Editor in 0,00 ms.
Invoked RoslynAnalysisRunner static constructor.
RoslynAnalysisRunner will not be running.
RoslynAnalysisRunner has terminated.
Mono: successfully reloaded assembly
- Completed reload, in  1,980 seconds
Platform modules already initialized, skipping
Refreshing native plugins compatible for Editor in 0,84 ms, found 1 plugins.
Preloading 0 native plugins for Editor in 0,00 ms.
Unloading 2102 Unused Serialized files (Serialized files now loaded: 0)
System memory in use before: 92,3 MB.
System memory in use after: 92,3 MB.

Unloading 12 unused Assets to reduce memory usage. Loaded Objects now: 2701.
Total: 11,787645 ms (FindLiveObjects: 0,887774 ms CreateObjectMapping: 0,338825 ms MarkObjects: 10,143832 ms  DeleteObjects: 0,409468 ms)

========================================================================
Received Prepare
Registering precompiled user dll's ...
Registered in 0,002328 seconds.
Begin MonoManager ReloadAssembly
Native extension for LinuxStandalone target not found
Native extension for WindowsStandalone target not found
Native extension for OSXStandalone target not found
Native extension for WebGL target not found
Refreshing native plugins compatible for Editor in 0,95 ms, found 1 plugins.
Preloading 0 native plugins for Editor in 0,00 ms.
Invoked RoslynAnalysisRunner static constructor.
RoslynAnalysisRunner will not be running.
RoslynAnalysisRunner has terminated.
Mono: successfully reloaded assembly
- Completed reload, in  1,857 seconds
Platform modules already initialized, skipping
Refreshing native plugins compatible for Editor in 1,18 ms, found 1 plugins.
Preloading 0 native plugins for Editor in 0,00 ms.
Unloading 2102 Unused Serialized files (Serialized files now loaded: 0)
System memory in use before: 92,3 MB.
System memory in use after: 92,3 MB.

Unloading 12 unused Assets to reduce memory usage. Loaded Objects now: 2705.
Total: 10,236475 ms (FindLiveObjects: 0,633588 ms CreateObjectMapping: 0,142628 ms MarkObjects: 9,051984 ms  DeleteObjects: 0,400501 ms)

========================================================================
Received Prepare
Registering precompiled user dll's ...
Registered in 0,001514 seconds.
Begin MonoManager ReloadAssembly
Native extension for LinuxStandalone target not found
Native extension for WindowsStandalone target not found
Native extension for OSXStandalone target not found
Native extension for WebGL target not found
Refreshing native plugins compatible for Editor in 1,47 ms, found 1 plugins.
Preloading 0 native plugins for Editor in 0,00 ms.
Invoked RoslynAnalysisRunner static constructor.
RoslynAnalysisRunner will not be running.
RoslynAnalysisRunner has terminated.
Mono: successfully reloaded assembly
- Completed reload, in  1,928 seconds
Platform modules already initialized, skipping
Refreshing native plugins compatible for Editor in 0,90 ms, found 1 plugins.
Preloading 0 native plugins for Editor in 0,00 ms.
Unloading 2102 Unused Serialized files (Serialized files now loaded: 0)
System memory in use before: 92,3 MB.
System memory in use after: 92,3 MB.

Unloading 12 unused Assets to reduce memory usage. Loaded Objects now: 2709.
Total: 10,579298 ms (FindLiveObjects: 0,614924 ms CreateObjectMapping: 0,214131 ms MarkObjects: 9,399055 ms  DeleteObjects: 0,344385 ms)

AssetImportWorkerClient::OnTransportError - code=2 error=End of file
